  [1m[35m (1.4ms)[0m  [1m[35mCREATE TABLE "schema_migrations" ("version" varchar NOT NULL PRIMARY KEY)[0m
  [1m[35m (1.7ms)[0m  [1m[35mCREATE TABLE "ar_internal_metadata" ("key" varchar NOT NULL PRIMARY KEY, "value" varchar, "created_at" datetime NOT NULL, "updated_at" datetime NOT NULL)[0m
  [1m[36mActiveRecord::SchemaMigration Load (0.2ms)[0m  [1m[34mSELECT "schema_migrations".* FROM "schema_migrations"[0m
Migrating to CreateContacts (20180319173908)
  [1m[35m (0.1ms)[0m  [1m[36mbegin transaction[0m
  [1m[35m (0.5ms)[0m  [1m[35mCREATE TABLE "contacts" ("id" INTEGER PRIMARY KEY AUTOINCREMENT NOT NULL, "first_name" varchar, "last_name" varchar, "email" varchar, "created_at" datetime NOT NULL, "updated_at" datetime NOT NULL)[0m
  [1m[35mSQL (0.2ms)[0m  [1m[32mINSERT INTO "schema_migrations" ("version") VALUES (?)[0m  [["version", "20180319173908"]]
  [1m[35m (1.6ms)[0m  [1m[36mcommit transaction[0m
  [1m[36mActiveRecord::InternalMetadata Load (0.1ms)[0m  [1m[34mSELECT  "ar_internal_metadata".* FROM "ar_internal_metadata" WHERE "ar_internal_metadata"."key" = ? LIMIT ?[0m  [["key", "environment"], ["LIMIT", 1]]
  [1m[35m (0.0ms)[0m  [1m[36mbegin transaction[0m
  [1m[35mSQL (0.2ms)[0m  [1m[32mINSERT INTO "ar_internal_metadata" ("key", "value", "created_at", "updated_at") VALUES (?, ?, ?, ?)[0m  [["key", "environment"], ["value", "development"], ["created_at", "2018-03-19 17:40:03.862104"], ["updated_at", "2018-03-19 17:40:03.862104"]]
  [1m[35m (3.1ms)[0m  [1m[36mcommit transaction[0m
  [1m[36mActiveRecord::SchemaMigration Load (0.1ms)[0m  [1m[34mSELECT "schema_migrations".* FROM "schema_migrations"[0m
  [1m[36mActiveRecord::SchemaMigration Load (0.5ms)[0m  [1m[34mSELECT "schema_migrations".* FROM "schema_migrations"[0m
Migrating to DeviseCreateUsers (20180319180508)
  [1m[35m (0.1ms)[0m  [1m[36mbegin transaction[0m
  [1m[35m (0.5ms)[0m  [1m[35mCREATE TABLE "users" ("id" INTEGER PRIMARY KEY AUTOINCREMENT NOT NULL, "email" varchar DEFAULT '' NOT NULL, "encrypted_password" varchar DEFAULT '' NOT NULL, "reset_password_token" varchar, "reset_password_sent_at" datetime, "remember_created_at" datetime, "sign_in_count" integer DEFAULT 0 NOT NULL, "current_sign_in_at" datetime, "last_sign_in_at" datetime, "current_sign_in_ip" varchar, "last_sign_in_ip" varchar, "created_at" datetime NOT NULL, "updated_at" datetime NOT NULL)[0m
  [1m[35m (0.1ms)[0m  [1m[34mselect sqlite_version(*)[0m
  [1m[35m (0.4ms)[0m  [1m[35mCREATE UNIQUE INDEX "index_users_on_email" ON "users" ("email")[0m
  [1m[35m (0.1ms)[0m  [1m[34m            SELECT sql
            FROM sqlite_master
            WHERE name='index_users_on_email' AND type='index'
            UNION ALL
            SELECT sql
            FROM sqlite_temp_master
            WHERE name='index_users_on_email' AND type='index'
[0m
  [1m[35m (0.1ms)[0m  [1m[35mCREATE UNIQUE INDEX "index_users_on_reset_password_token" ON "users" ("reset_password_token")[0m
  [1m[35mSQL (0.2ms)[0m  [1m[32mINSERT INTO "schema_migrations" ("version") VALUES (?)[0m  [["version", "20180319180508"]]
  [1m[35m (1.6ms)[0m  [1m[36mcommit transaction[0m
  [1m[36mActiveRecord::InternalMetadata Load (0.2ms)[0m  [1m[34mSELECT  "ar_internal_metadata".* FROM "ar_internal_metadata" WHERE "ar_internal_metadata"."key" = ? LIMIT ?[0m  [["key", "environment"], ["LIMIT", 1]]
  [1m[35m (0.1ms)[0m  [1m[36mbegin transaction[0m
  [1m[35m (0.0ms)[0m  [1m[36mcommit transaction[0m
  [1m[36mActiveRecord::SchemaMigration Load (0.1ms)[0m  [1m[34mSELECT "schema_migrations".* FROM "schema_migrations"[0m
  [1m[35m (0.1ms)[0m  [1m[34m            SELECT sql
            FROM sqlite_master
            WHERE name='index_users_on_reset_password_token' AND type='index'
            UNION ALL
            SELECT sql
            FROM sqlite_temp_master
            WHERE name='index_users_on_reset_password_token' AND type='index'
[0m
  [1m[35m (0.1ms)[0m  [1m[34m            SELECT sql
            FROM sqlite_master
            WHERE name='index_users_on_email' AND type='index'
            UNION ALL
            SELECT sql
            FROM sqlite_temp_master
            WHERE name='index_users_on_email' AND type='index'
[0m
  [1m[35m (0.1ms)[0m  [1m[36mbegin transaction[0m
  [1m[36mUser Exists (0.2ms)[0m  [1m[34mSELECT  1 AS one FROM "users" WHERE "users"."email" = ? LIMIT ?[0m  [["email", "test@test.com"], ["LIMIT", 1]]
  [1m[35m (0.1ms)[0m  [1m[31mrollback transaction[0m
  [1m[36mUser Load (0.2ms)[0m  [1m[34mSELECT "users".* FROM "users"[0m
  [1m[35m (0.1ms)[0m  [1m[36mbegin transaction[0m
  [1m[36mUser Exists (0.1ms)[0m  [1m[34mSELECT  1 AS one FROM "users" WHERE "users"."email" = ? LIMIT ?[0m  [["email", "test1@test.com"], ["LIMIT", 1]]
  [1m[35m (0.1ms)[0m  [1m[31mrollback transaction[0m
  [1m[36mActiveRecord::SchemaMigration Load (0.1ms)[0m  [1m[34mSELECT "schema_migrations".* FROM "schema_migrations"[0m
Migrating to AddAuthenticationTokenToUsers (20180319183517)
  [1m[35m (0.1ms)[0m  [1m[36mbegin transaction[0m
  [1m[35m (0.5ms)[0m  [1m[35mALTER TABLE "users" ADD "authentication_token" varchar(30)[0m
  [1m[35m (0.0ms)[0m  [1m[34mselect sqlite_version(*)[0m
  [1m[35m (0.1ms)[0m  [1m[34m            SELECT sql
            FROM sqlite_master
            WHERE name='index_users_on_reset_password_token' AND type='index'
            UNION ALL
            SELECT sql
            FROM sqlite_temp_master
            WHERE name='index_users_on_reset_password_token' AND type='index'
[0m
  [1m[35m (0.1ms)[0m  [1m[34m            SELECT sql
            FROM sqlite_master
            WHERE name='index_users_on_email' AND type='index'
            UNION ALL
            SELECT sql
            FROM sqlite_temp_master
            WHERE name='index_users_on_email' AND type='index'
[0m
  [1m[35m (0.4ms)[0m  [1m[35mCREATE UNIQUE INDEX "index_users_on_authentication_token" ON "users" ("authentication_token")[0m
  [1m[35mSQL (0.1ms)[0m  [1m[32mINSERT INTO "schema_migrations" ("version") VALUES (?)[0m  [["version", "20180319183517"]]
  [1m[35m (1.7ms)[0m  [1m[36mcommit transaction[0m
  [1m[36mActiveRecord::InternalMetadata Load (0.1ms)[0m  [1m[34mSELECT  "ar_internal_metadata".* FROM "ar_internal_metadata" WHERE "ar_internal_metadata"."key" = ? LIMIT ?[0m  [["key", "environment"], ["LIMIT", 1]]
  [1m[35m (0.0ms)[0m  [1m[36mbegin transaction[0m
  [1m[35m (0.0ms)[0m  [1m[36mcommit transaction[0m
  [1m[36mActiveRecord::SchemaMigration Load (0.1ms)[0m  [1m[34mSELECT "schema_migrations".* FROM "schema_migrations"[0m
  [1m[35m (0.1ms)[0m  [1m[34m            SELECT sql
            FROM sqlite_master
            WHERE name='index_users_on_authentication_token' AND type='index'
            UNION ALL
            SELECT sql
            FROM sqlite_temp_master
            WHERE name='index_users_on_authentication_token' AND type='index'
[0m
  [1m[35m (0.1ms)[0m  [1m[34m            SELECT sql
            FROM sqlite_master
            WHERE name='index_users_on_reset_password_token' AND type='index'
            UNION ALL
            SELECT sql
            FROM sqlite_temp_master
            WHERE name='index_users_on_reset_password_token' AND type='index'
[0m
  [1m[35m (0.1ms)[0m  [1m[34m            SELECT sql
            FROM sqlite_master
            WHERE name='index_users_on_email' AND type='index'
            UNION ALL
            SELECT sql
            FROM sqlite_temp_master
            WHERE name='index_users_on_email' AND type='index'
[0m
  [1m[36mUser Load (0.1ms)[0m  [1m[34mSELECT  "users".* FROM "users" ORDER BY "users"."id" ASC LIMIT ?[0m  [["LIMIT", 1]]
Started GET "/" for 127.0.0.1 at 2018-03-20 19:04:56 -0400
  [1m[36mActiveRecord::SchemaMigration Load (0.4ms)[0m  [1m[34mSELECT "schema_migrations".* FROM "schema_migrations"[0m
Processing by Rails::WelcomeController#index as HTML
  Parameters: {"internal"=>true}
  Rendering /Users/scottforba/.rvm/gems/ruby-2.4.1/gems/railties-5.0.6/lib/rails/templates/rails/welcome/index.html.erb
  Rendered /Users/scottforba/.rvm/gems/ruby-2.4.1/gems/railties-5.0.6/lib/rails/templates/rails/welcome/index.html.erb (3.5ms)
Completed 200 OK in 13ms (Views: 10.0ms | ActiveRecord: 0.0ms)


Started GET "/favicon.ico" for 127.0.0.1 at 2018-03-20 19:04:56 -0400
  
ActionController::RoutingError (No route matches [GET] "/favicon.ico"):
  
actionpack (5.0.6) lib/action_dispatch/middleware/debug_exceptions.rb:53:in `call'
actionpack (5.0.6) lib/action_dispatch/middleware/show_exceptions.rb:31:in `call'
railties (5.0.6) lib/rails/rack/logger.rb:36:in `call_app'
railties (5.0.6) lib/rails/rack/logger.rb:24:in `block in call'
activesupport (5.0.6) lib/active_support/tagged_logging.rb:69:in `block in tagged'
activesupport (5.0.6) lib/active_support/tagged_logging.rb:26:in `tagged'
activesupport (5.0.6) lib/active_support/tagged_logging.rb:69:in `tagged'
railties (5.0.6) lib/rails/rack/logger.rb:24:in `call'
actionpack (5.0.6) lib/action_dispatch/middleware/request_id.rb:24:in `call'
rack (2.0.4) lib/rack/runtime.rb:22:in `call'
activesupport (5.0.6) lib/active_support/cache/strategy/local_cache_middleware.rb:28:in `call'
actionpack (5.0.6) lib/action_dispatch/middleware/executor.rb:12:in `call'
actionpack (5.0.6) lib/action_dispatch/middleware/static.rb:136:in `call'
rack (2.0.4) lib/rack/sendfile.rb:111:in `call'
rack-cors (1.0.2) lib/rack/cors.rb:97:in `call'
railties (5.0.6) lib/rails/engine.rb:522:in `call'
puma (3.11.3) lib/puma/configuration.rb:225:in `call'
puma (3.11.3) lib/puma/server.rb:624:in `handle_request'
puma (3.11.3) lib/puma/server.rb:438:in `process_client'
puma (3.11.3) lib/puma/server.rb:302:in `block in run'
puma (3.11.3) lib/puma/thread_pool.rb:120:in `block in spawn_thread'
  [1m[35m (0.1ms)[0m  [1m[36mbegin transaction[0m
  [1m[36mUser Exists (16.8ms)[0m  [1m[34mSELECT  1 AS one FROM "users" WHERE "users"."email" = ? LIMIT ?[0m  [["email", "test@test.com"], ["LIMIT", 1]]
  [1m[35m (0.1ms)[0m  [1m[31mrollback transaction[0m
  [1m[36mUser Load (10.4ms)[0m  [1m[34mSELECT "users".* FROM "users"[0m
  [1m[36mUser Load (0.1ms)[0m  [1m[34mSELECT "users".* FROM "users"[0m
  [1m[35m (0.1ms)[0m  [1m[36mbegin transaction[0m
  [1m[36mUser Exists (0.2ms)[0m  [1m[34mSELECT  1 AS one FROM "users" WHERE "users"."email" = ? LIMIT ?[0m  [["email", "test2@test.com"], ["LIMIT", 1]]
  [1m[35m (0.1ms)[0m  [1m[31mrollback transaction[0m
  [1m[35m (0.1ms)[0m  [1m[36mbegin transaction[0m
  [1m[36mUser Exists (0.1ms)[0m  [1m[34mSELECT  1 AS one FROM "users" WHERE "users"."email" = ? LIMIT ?[0m  [["email", "test2@test.com"], ["LIMIT", 1]]
  [1m[35m (0.1ms)[0m  [1m[31mrollback transaction[0m
  [1m[36mUser Load (0.1ms)[0m  [1m[34mSELECT "users".* FROM "users"[0m
  [1m[35m (0.1ms)[0m  [1m[36mbegin transaction[0m
  [1m[36mUser Exists (0.2ms)[0m  [1m[34mSELECT  1 AS one FROM "users" WHERE "users"."email" = ? LIMIT ?[0m  [["email", "test2@test.com"], ["LIMIT", 1]]
  [1m[35m (0.1ms)[0m  [1m[31mrollback transaction[0m
  [1m[35m (0.1ms)[0m  [1m[36mbegin transaction[0m
  [1m[35m (0.1ms)[0m  [1m[31mrollback transaction[0m
  [1m[35m (0.1ms)[0m  [1m[36mbegin transaction[0m
  [1m[35m (0.0ms)[0m  [1m[31mrollback transaction[0m
  [1m[36mUser Load (0.2ms)[0m  [1m[34mSELECT  "users".* FROM "users" WHERE "users"."id" = ? LIMIT ?[0m  [["id", 1], ["LIMIT", 1]]
  [1m[35m (0.1ms)[0m  [1m[36mbegin transaction[0m
  [1m[36mUser Exists (0.2ms)[0m  [1m[34mSELECT  1 AS one FROM "users" WHERE "users"."email" = ? LIMIT ?[0m  [["email", "test2@test.com"], ["LIMIT", 1]]
  [1m[35m (0.1ms)[0m  [1m[31mrollback transaction[0m
  [1m[35m (0.1ms)[0m  [1m[36mbegin transaction[0m
  [1m[35m (0.1ms)[0m  [1m[36mcommit transaction[0m
  [1m[35m (0.1ms)[0m  [1m[36mbegin transaction[0m
  [1m[35m (0.0ms)[0m  [1m[36mcommit transaction[0m
  [1m[35m (0.1ms)[0m  [1m[36mbegin transaction[0m
  [1m[36mUser Exists (0.2ms)[0m  [1m[34mSELECT  1 AS one FROM "users" WHERE "users"."email" = ? LIMIT ?[0m  [["email", "test@example.com"], ["LIMIT", 1]]
  [1m[35m (0.1ms)[0m  [1m[31mrollback transaction[0m
  [1m[35m (0.1ms)[0m  [1m[36mbegin transaction[0m
  [1m[36mUser Exists (0.2ms)[0m  [1m[34mSELECT  1 AS one FROM "users" WHERE "users"."email" = ? LIMIT ?[0m  [["email", "test@example.com"], ["LIMIT", 1]]
  [1m[35m (0.1ms)[0m  [1m[31mrollback transaction[0m
  [1m[36mUser Exists (0.1ms)[0m  [1m[34mSELECT  1 AS one FROM "users" WHERE "users"."email" = ? LIMIT ?[0m  [["email", "test@example.com"], ["LIMIT", 1]]
  [1m[35m (0.1ms)[0m  [1m[36mbegin transaction[0m
  [1m[36mUser Exists (45.2ms)[0m  [1m[34mSELECT  1 AS one FROM "users" WHERE "users"."email" = ? LIMIT ?[0m  [["email", "test@example.com"], ["LIMIT", 1]]
  [1m[35m (0.1ms)[0m  [1m[31mrollback transaction[0m
  [1m[35m (0.1ms)[0m  [1m[36mbegin transaction[0m
  [1m[36mUser Exists (0.1ms)[0m  [1m[34mSELECT  1 AS one FROM "users" WHERE "users"."email" = ? LIMIT ?[0m  [["email", "test@example.com"], ["LIMIT", 1]]
  [1m[35m (166.6ms)[0m  [1m[34mSELECT COUNT(*) FROM "users" WHERE "users"."authentication_token" = ?[0m  [["authentication_token", "RskQQocVQtFW3xkNiPDk"]]
  [1m[35mSQL (153.5ms)[0m  [1m[32mINSERT INTO "users" ("email", "encrypted_password", "created_at", "updated_at", "authentication_token") VALUES (?, ?, ?, ?, ?)[0m  [["email", "test@example.com"], ["encrypted_password", "$2a$11$hc.ztQAv.hSXijiDPEzZleFG1X15h68N3FKaWDQPuP2W32kl7XJdm"], ["created_at", "2018-03-20 23:26:32.207452"], ["updated_at", "2018-03-20 23:26:32.207452"], ["authentication_token", "RskQQocVQtFW3xkNiPDk"]]
  [1m[35m (17.1ms)[0m  [1m[36mcommit transaction[0m
  [1m[36mUser Load (0.1ms)[0m  [1m[34mSELECT "users".* FROM "users"[0m
  [1m[36mUser Load (0.1ms)[0m  [1m[34mSELECT  "users".* FROM "users" WHERE "users"."id" = ? LIMIT ?[0m  [["id", 1], ["LIMIT", 1]]
Started GET "/v1/sessions/" for 127.0.0.1 at 2018-03-20 19:35:21 -0400
  [1m[36mActiveRecord::SchemaMigration Load (0.2ms)[0m  [1m[34mSELECT "schema_migrations".* FROM "schema_migrations"[0m
  
ActionController::RoutingError (No route matches [GET] "/v1/sessions"):
  
actionpack (5.0.6) lib/action_dispatch/middleware/debug_exceptions.rb:53:in `call'
actionpack (5.0.6) lib/action_dispatch/middleware/show_exceptions.rb:31:in `call'
railties (5.0.6) lib/rails/rack/logger.rb:36:in `call_app'
railties (5.0.6) lib/rails/rack/logger.rb:24:in `block in call'
activesupport (5.0.6) lib/active_support/tagged_logging.rb:69:in `block in tagged'
activesupport (5.0.6) lib/active_support/tagged_logging.rb:26:in `tagged'
activesupport (5.0.6) lib/active_support/tagged_logging.rb:69:in `tagged'
railties (5.0.6) lib/rails/rack/logger.rb:24:in `call'
actionpack (5.0.6) lib/action_dispatch/middleware/request_id.rb:24:in `call'
rack (2.0.4) lib/rack/runtime.rb:22:in `call'
activesupport (5.0.6) lib/active_support/cache/strategy/local_cache_middleware.rb:28:in `call'
actionpack (5.0.6) lib/action_dispatch/middleware/executor.rb:12:in `call'
actionpack (5.0.6) lib/action_dispatch/middleware/static.rb:136:in `call'
rack (2.0.4) lib/rack/sendfile.rb:111:in `call'
rack-cors (1.0.2) lib/rack/cors.rb:97:in `call'
railties (5.0.6) lib/rails/engine.rb:522:in `call'
puma (3.11.3) lib/puma/configuration.rb:225:in `call'
puma (3.11.3) lib/puma/server.rb:624:in `handle_request'
puma (3.11.3) lib/puma/server.rb:438:in `process_client'
puma (3.11.3) lib/puma/server.rb:302:in `block in run'
puma (3.11.3) lib/puma/thread_pool.rb:120:in `block in spawn_thread'
Started GET "/v1/sessions/create" for 127.0.0.1 at 2018-03-20 19:35:41 -0400
  
ActionController::RoutingError (No route matches [GET] "/v1/sessions/create"):
  
actionpack (5.0.6) lib/action_dispatch/middleware/debug_exceptions.rb:53:in `call'
actionpack (5.0.6) lib/action_dispatch/middleware/show_exceptions.rb:31:in `call'
railties (5.0.6) lib/rails/rack/logger.rb:36:in `call_app'
railties (5.0.6) lib/rails/rack/logger.rb:24:in `block in call'
activesupport (5.0.6) lib/active_support/tagged_logging.rb:69:in `block in tagged'
activesupport (5.0.6) lib/active_support/tagged_logging.rb:26:in `tagged'
activesupport (5.0.6) lib/active_support/tagged_logging.rb:69:in `tagged'
railties (5.0.6) lib/rails/rack/logger.rb:24:in `call'
actionpack (5.0.6) lib/action_dispatch/middleware/request_id.rb:24:in `call'
rack (2.0.4) lib/rack/runtime.rb:22:in `call'
activesupport (5.0.6) lib/active_support/cache/strategy/local_cache_middleware.rb:28:in `call'
actionpack (5.0.6) lib/action_dispatch/middleware/executor.rb:12:in `call'
actionpack (5.0.6) lib/action_dispatch/middleware/static.rb:136:in `call'
rack (2.0.4) lib/rack/sendfile.rb:111:in `call'
rack-cors (1.0.2) lib/rack/cors.rb:97:in `call'
railties (5.0.6) lib/rails/engine.rb:522:in `call'
puma (3.11.3) lib/puma/configuration.rb:225:in `call'
puma (3.11.3) lib/puma/server.rb:624:in `handle_request'
puma (3.11.3) lib/puma/server.rb:438:in `process_client'
puma (3.11.3) lib/puma/server.rb:302:in `block in run'
puma (3.11.3) lib/puma/thread_pool.rb:120:in `block in spawn_thread'
Started GET "/v1/sessions/" for 127.0.0.1 at 2018-03-20 19:36:24 -0400
  
ActionController::RoutingError (No route matches [GET] "/v1/sessions"):
  
actionpack (5.0.6) lib/action_dispatch/middleware/debug_exceptions.rb:53:in `call'
actionpack (5.0.6) lib/action_dispatch/middleware/show_exceptions.rb:31:in `call'
railties (5.0.6) lib/rails/rack/logger.rb:36:in `call_app'
railties (5.0.6) lib/rails/rack/logger.rb:24:in `block in call'
activesupport (5.0.6) lib/active_support/tagged_logging.rb:69:in `block in tagged'
activesupport (5.0.6) lib/active_support/tagged_logging.rb:26:in `tagged'
activesupport (5.0.6) lib/active_support/tagged_logging.rb:69:in `tagged'
railties (5.0.6) lib/rails/rack/logger.rb:24:in `call'
actionpack (5.0.6) lib/action_dispatch/middleware/request_id.rb:24:in `call'
rack (2.0.4) lib/rack/runtime.rb:22:in `call'
activesupport (5.0.6) lib/active_support/cache/strategy/local_cache_middleware.rb:28:in `call'
actionpack (5.0.6) lib/action_dispatch/middleware/executor.rb:12:in `call'
actionpack (5.0.6) lib/action_dispatch/middleware/static.rb:136:in `call'
rack (2.0.4) lib/rack/sendfile.rb:111:in `call'
rack-cors (1.0.2) lib/rack/cors.rb:97:in `call'
railties (5.0.6) lib/rails/engine.rb:522:in `call'
puma (3.11.3) lib/puma/configuration.rb:225:in `call'
puma (3.11.3) lib/puma/server.rb:624:in `handle_request'
puma (3.11.3) lib/puma/server.rb:438:in `process_client'
puma (3.11.3) lib/puma/server.rb:302:in `block in run'
puma (3.11.3) lib/puma/thread_pool.rb:120:in `block in spawn_thread'
Started GET "/v1/sessions/create" for 127.0.0.1 at 2018-03-20 19:36:31 -0400
  
ActionController::RoutingError (No route matches [GET] "/v1/sessions/create"):
  
actionpack (5.0.6) lib/action_dispatch/middleware/debug_exceptions.rb:53:in `call'
actionpack (5.0.6) lib/action_dispatch/middleware/show_exceptions.rb:31:in `call'
railties (5.0.6) lib/rails/rack/logger.rb:36:in `call_app'
railties (5.0.6) lib/rails/rack/logger.rb:24:in `block in call'
activesupport (5.0.6) lib/active_support/tagged_logging.rb:69:in `block in tagged'
activesupport (5.0.6) lib/active_support/tagged_logging.rb:26:in `tagged'
activesupport (5.0.6) lib/active_support/tagged_logging.rb:69:in `tagged'
railties (5.0.6) lib/rails/rack/logger.rb:24:in `call'
actionpack (5.0.6) lib/action_dispatch/middleware/request_id.rb:24:in `call'
rack (2.0.4) lib/rack/runtime.rb:22:in `call'
activesupport (5.0.6) lib/active_support/cache/strategy/local_cache_middleware.rb:28:in `call'
actionpack (5.0.6) lib/action_dispatch/middleware/executor.rb:12:in `call'
actionpack (5.0.6) lib/action_dispatch/middleware/static.rb:136:in `call'
rack (2.0.4) lib/rack/sendfile.rb:111:in `call'
rack-cors (1.0.2) lib/rack/cors.rb:97:in `call'
railties (5.0.6) lib/rails/engine.rb:522:in `call'
puma (3.11.3) lib/puma/configuration.rb:225:in `call'
puma (3.11.3) lib/puma/server.rb:624:in `handle_request'
puma (3.11.3) lib/puma/server.rb:438:in `process_client'
puma (3.11.3) lib/puma/server.rb:302:in `block in run'
puma (3.11.3) lib/puma/thread_pool.rb:120:in `block in spawn_thread'
Started POST "/v1/sessions/" for 127.0.0.1 at 2018-03-20 19:36:50 -0400
Processing by V1::SessionsController#create as JSON
  Parameters: {"title"=>"hey bb", "categories"=>"posty", "content"=>"just a cool posts", "session"=>{"title"=>"hey bb", "categories"=>"posty", "content"=>"just a cool posts"}}
  [1m[36mUser Load (2.1ms)[0m  [1m[34mSELECT  "users".* FROM "users" WHERE "users"."email" IS NULL ORDER BY "users"."id" ASC LIMIT ?[0m  [["LIMIT", 1]]
Completed 401 Unauthorized in 6ms (ActiveRecord: 2.7ms)


Started POST "/v1/sessions/" for 127.0.0.1 at 2018-03-20 19:36:59 -0400
Processing by V1::SessionsController#create as JSON
  Parameters: {"session"=>{}}
  [1m[36mUser Load (0.2ms)[0m  [1m[34mSELECT  "users".* FROM "users" WHERE "users"."email" IS NULL ORDER BY "users"."id" ASC LIMIT ?[0m  [["LIMIT", 1]]
Completed 401 Unauthorized in 2ms (ActiveRecord: 0.2ms)


Started GET "/v1/sessions/" for 127.0.0.1 at 2018-03-20 20:42:43 -0400
  
ActionController::RoutingError (No route matches [GET] "/v1/sessions"):
  
actionpack (5.0.6) lib/action_dispatch/middleware/debug_exceptions.rb:53:in `call'
actionpack (5.0.6) lib/action_dispatch/middleware/show_exceptions.rb:31:in `call'
railties (5.0.6) lib/rails/rack/logger.rb:36:in `call_app'
railties (5.0.6) lib/rails/rack/logger.rb:24:in `block in call'
activesupport (5.0.6) lib/active_support/tagged_logging.rb:69:in `block in tagged'
activesupport (5.0.6) lib/active_support/tagged_logging.rb:26:in `tagged'
activesupport (5.0.6) lib/active_support/tagged_logging.rb:69:in `tagged'
railties (5.0.6) lib/rails/rack/logger.rb:24:in `call'
actionpack (5.0.6) lib/action_dispatch/middleware/request_id.rb:24:in `call'
rack (2.0.4) lib/rack/runtime.rb:22:in `call'
activesupport (5.0.6) lib/active_support/cache/strategy/local_cache_middleware.rb:28:in `call'
actionpack (5.0.6) lib/action_dispatch/middleware/executor.rb:12:in `call'
actionpack (5.0.6) lib/action_dispatch/middleware/static.rb:136:in `call'
rack (2.0.4) lib/rack/sendfile.rb:111:in `call'
rack-cors (1.0.2) lib/rack/cors.rb:97:in `call'
railties (5.0.6) lib/rails/engine.rb:522:in `call'
puma (3.11.3) lib/puma/configuration.rb:225:in `call'
puma (3.11.3) lib/puma/server.rb:624:in `handle_request'
puma (3.11.3) lib/puma/server.rb:438:in `process_client'
puma (3.11.3) lib/puma/server.rb:302:in `block in run'
puma (3.11.3) lib/puma/thread_pool.rb:120:in `block in spawn_thread'
  [1m[36mUser Load (19.0ms)[0m  [1m[34mSELECT "users".* FROM "users"[0m
Started GET "/v1/contacts" for 127.0.0.1 at 2018-03-20 20:48:33 -0400
  [1m[36mActiveRecord::SchemaMigration Load (11.1ms)[0m  [1m[34mSELECT "schema_migrations".* FROM "schema_migrations"[0m
Processing by V1::ContactsController#index as JSON
  [1m[36mUser Load (0.4ms)[0m  [1m[34mSELECT  "users".* FROM "users" WHERE "users"."email" = ? ORDER BY "users"."id" ASC LIMIT ?[0m  [["email", "test@example.com"], ["LIMIT", 1]]
Completed 500 Internal Server Error in 35ms (ActiveRecord: 1.0ms)


  
RuntimeError (Could not find a valid mapping for #<User id: 1, email: "test@example.com", created_at: "2018-03-20 23:26:32", updated_at: "2018-03-20 23:26:32", authentication_token: "RskQQocVQtFW3xkNiPDk">):
  
devise (4.4.3) lib/devise/mapping.rb:46:in `find_scope!'
devise (4.4.3) lib/devise/controllers/sign_in_out.rb:32:in `sign_in'
simple_token_authentication (1.15.1) lib/simple_token_authentication/sign_in_handler.rb:10:in `sign_in'
simple_token_authentication (1.15.1) lib/simple_token_authentication/token_authentication_handler.rb:61:in `perform_sign_in!'
simple_token_authentication (1.15.1) lib/simple_token_authentication/token_authentication_handler.rb:42:in `authenticate_entity_from_token!'
simple_token_authentication (1.15.1) lib/simple_token_authentication/token_authentication_handler.rb:138:in `block (3 levels) in define_token_authentication_helpers_for'
simple_token_authentication (1.15.1) lib/simple_token_authentication/token_authentication_handler.rb:138:in `block (2 levels) in define_token_authentication_helpers_for'
activesupport (5.0.6) lib/active_support/callbacks.rb:382:in `block in make_lambda'
activesupport (5.0.6) lib/active_support/callbacks.rb:169:in `block (2 levels) in halting'
actionpack (5.0.6) lib/abstract_controller/callbacks.rb:12:in `block (2 levels) in <module:Callbacks>'
activesupport (5.0.6) lib/active_support/callbacks.rb:170:in `block in halting'
activesupport (5.0.6) lib/active_support/callbacks.rb:454:in `block in call'
activesupport (5.0.6) lib/active_support/callbacks.rb:454:in `each'
activesupport (5.0.6) lib/active_support/callbacks.rb:454:in `call'
activesupport (5.0.6) lib/active_support/callbacks.rb:101:in `__run_callbacks__'
activesupport (5.0.6) lib/active_support/callbacks.rb:750:in `_run_process_action_callbacks'
activesupport (5.0.6) lib/active_support/callbacks.rb:90:in `run_callbacks'
actionpack (5.0.6) lib/abstract_controller/callbacks.rb:19:in `process_action'
actionpack (5.0.6) lib/action_controller/metal/rescue.rb:20:in `process_action'
actionpack (5.0.6) lib/action_controller/metal/instrumentation.rb:32:in `block in process_action'
activesupport (5.0.6) lib/active_support/notifications.rb:164:in `block in instrument'
activesupport (5.0.6) lib/active_support/notifications/instrumenter.rb:21:in `instrument'
activesupport (5.0.6) lib/active_support/notifications.rb:164:in `instrument'
actionpack (5.0.6) lib/action_controller/metal/instrumentation.rb:30:in `process_action'
actionpack (5.0.6) lib/action_controller/metal/params_wrapper.rb:248:in `process_action'
activerecord (5.0.6) lib/active_record/railties/controller_runtime.rb:18:in `process_action'
actionpack (5.0.6) lib/abstract_controller/base.rb:126:in `process'
actionview (5.0.6) lib/action_view/rendering.rb:30:in `process'
actionpack (5.0.6) lib/action_controller/metal.rb:190:in `dispatch'
actionpack (5.0.6) lib/action_controller/metal.rb:262:in `dispatch'
actionpack (5.0.6) lib/action_dispatch/routing/route_set.rb:50:in `dispatch'
actionpack (5.0.6) lib/action_dispatch/routing/route_set.rb:32:in `serve'
actionpack (5.0.6) lib/action_dispatch/journey/router.rb:39:in `block in serve'
actionpack (5.0.6) lib/action_dispatch/journey/router.rb:26:in `each'
actionpack (5.0.6) lib/action_dispatch/journey/router.rb:26:in `serve'
actionpack (5.0.6) lib/action_dispatch/routing/route_set.rb:727:in `call'
warden (1.2.7) lib/warden/manager.rb:36:in `block in call'
warden (1.2.7) lib/warden/manager.rb:35:in `catch'
warden (1.2.7) lib/warden/manager.rb:35:in `call'
rack (2.0.4) lib/rack/etag.rb:25:in `call'
rack (2.0.4) lib/rack/conditional_get.rb:25:in `call'
rack (2.0.4) lib/rack/head.rb:12:in `call'
activerecord (5.0.6) lib/active_record/migration.rb:553:in `call'
actionpack (5.0.6) lib/action_dispatch/middleware/callbacks.rb:38:in `block in call'
activesupport (5.0.6) lib/active_support/callbacks.rb:97:in `__run_callbacks__'
activesupport (5.0.6) lib/active_support/callbacks.rb:750:in `_run_call_callbacks'
activesupport (5.0.6) lib/active_support/callbacks.rb:90:in `run_callbacks'
actionpack (5.0.6) lib/action_dispatch/middleware/callbacks.rb:36:in `call'
actionpack (5.0.6) lib/action_dispatch/middleware/executor.rb:12:in `call'
actionpack (5.0.6) lib/action_dispatch/middleware/remote_ip.rb:79:in `call'
actionpack (5.0.6) lib/action_dispatch/middleware/debug_exceptions.rb:49:in `call'
actionpack (5.0.6) lib/action_dispatch/middleware/show_exceptions.rb:31:in `call'
railties (5.0.6) lib/rails/rack/logger.rb:36:in `call_app'
railties (5.0.6) lib/rails/rack/logger.rb:24:in `block in call'
activesupport (5.0.6) lib/active_support/tagged_logging.rb:69:in `block in tagged'
activesupport (5.0.6) lib/active_support/tagged_logging.rb:26:in `tagged'
activesupport (5.0.6) lib/active_support/tagged_logging.rb:69:in `tagged'
railties (5.0.6) lib/rails/rack/logger.rb:24:in `call'
actionpack (5.0.6) lib/action_dispatch/middleware/request_id.rb:24:in `call'
rack (2.0.4) lib/rack/runtime.rb:22:in `call'
activesupport (5.0.6) lib/active_support/cache/strategy/local_cache_middleware.rb:28:in `call'
actionpack (5.0.6) lib/action_dispatch/middleware/executor.rb:12:in `call'
actionpack (5.0.6) lib/action_dispatch/middleware/static.rb:136:in `call'
rack (2.0.4) lib/rack/sendfile.rb:111:in `call'
rack-cors (1.0.2) lib/rack/cors.rb:97:in `call'
railties (5.0.6) lib/rails/engine.rb:522:in `call'
puma (3.11.3) lib/puma/configuration.rb:225:in `call'
puma (3.11.3) lib/puma/server.rb:624:in `handle_request'
puma (3.11.3) lib/puma/server.rb:438:in `process_client'
puma (3.11.3) lib/puma/server.rb:302:in `block in run'
puma (3.11.3) lib/puma/thread_pool.rb:120:in `block in spawn_thread'
Started GET "/v1/contacts" for 127.0.0.1 at 2018-03-20 20:50:07 -0400
Processing by V1::ContactsController#index as JSON
  [1m[36mUser Load (0.2ms)[0m  [1m[34mSELECT  "users".* FROM "users" WHERE "users"."email" = ? ORDER BY "users"."id" ASC LIMIT ?[0m  [["email", "test@example.com"], ["LIMIT", 1]]
Completed 500 Internal Server Error in 23ms (ActiveRecord: 1.2ms)


  
RuntimeError (Could not find a valid mapping for #<User id: 1, email: "test@example.com", created_at: "2018-03-20 23:26:32", updated_at: "2018-03-20 23:26:32", authentication_token: "RskQQocVQtFW3xkNiPDk">):
  
devise (4.4.3) lib/devise/mapping.rb:46:in `find_scope!'
devise (4.4.3) lib/devise/controllers/sign_in_out.rb:32:in `sign_in'
simple_token_authentication (1.15.1) lib/simple_token_authentication/sign_in_handler.rb:10:in `sign_in'
simple_token_authentication (1.15.1) lib/simple_token_authentication/token_authentication_handler.rb:61:in `perform_sign_in!'
simple_token_authentication (1.15.1) lib/simple_token_authentication/token_authentication_handler.rb:42:in `authenticate_entity_from_token!'
simple_token_authentication (1.15.1) lib/simple_token_authentication/token_authentication_handler.rb:138:in `block (3 levels) in define_token_authentication_helpers_for'
simple_token_authentication (1.15.1) lib/simple_token_authentication/token_authentication_handler.rb:138:in `block (2 levels) in define_token_authentication_helpers_for'
activesupport (5.0.6) lib/active_support/callbacks.rb:382:in `block in make_lambda'
activesupport (5.0.6) lib/active_support/callbacks.rb:169:in `block (2 levels) in halting'
actionpack (5.0.6) lib/abstract_controller/callbacks.rb:12:in `block (2 levels) in <module:Callbacks>'
activesupport (5.0.6) lib/active_support/callbacks.rb:170:in `block in halting'
activesupport (5.0.6) lib/active_support/callbacks.rb:454:in `block in call'
activesupport (5.0.6) lib/active_support/callbacks.rb:454:in `each'
activesupport (5.0.6) lib/active_support/callbacks.rb:454:in `call'
activesupport (5.0.6) lib/active_support/callbacks.rb:101:in `__run_callbacks__'
activesupport (5.0.6) lib/active_support/callbacks.rb:750:in `_run_process_action_callbacks'
activesupport (5.0.6) lib/active_support/callbacks.rb:90:in `run_callbacks'
actionpack (5.0.6) lib/abstract_controller/callbacks.rb:19:in `process_action'
actionpack (5.0.6) lib/action_controller/metal/rescue.rb:20:in `process_action'
actionpack (5.0.6) lib/action_controller/metal/instrumentation.rb:32:in `block in process_action'
activesupport (5.0.6) lib/active_support/notifications.rb:164:in `block in instrument'
activesupport (5.0.6) lib/active_support/notifications/instrumenter.rb:21:in `instrument'
activesupport (5.0.6) lib/active_support/notifications.rb:164:in `instrument'
actionpack (5.0.6) lib/action_controller/metal/instrumentation.rb:30:in `process_action'
actionpack (5.0.6) lib/action_controller/metal/params_wrapper.rb:248:in `process_action'
activerecord (5.0.6) lib/active_record/railties/controller_runtime.rb:18:in `process_action'
actionpack (5.0.6) lib/abstract_controller/base.rb:126:in `process'
actionview (5.0.6) lib/action_view/rendering.rb:30:in `process'
actionpack (5.0.6) lib/action_controller/metal.rb:190:in `dispatch'
actionpack (5.0.6) lib/action_controller/metal.rb:262:in `dispatch'
actionpack (5.0.6) lib/action_dispatch/routing/route_set.rb:50:in `dispatch'
actionpack (5.0.6) lib/action_dispatch/routing/route_set.rb:32:in `serve'
actionpack (5.0.6) lib/action_dispatch/journey/router.rb:39:in `block in serve'
actionpack (5.0.6) lib/action_dispatch/journey/router.rb:26:in `each'
actionpack (5.0.6) lib/action_dispatch/journey/router.rb:26:in `serve'
actionpack (5.0.6) lib/action_dispatch/routing/route_set.rb:727:in `call'
warden (1.2.7) lib/warden/manager.rb:36:in `block in call'
warden (1.2.7) lib/warden/manager.rb:35:in `catch'
warden (1.2.7) lib/warden/manager.rb:35:in `call'
rack (2.0.4) lib/rack/etag.rb:25:in `call'
rack (2.0.4) lib/rack/conditional_get.rb:25:in `call'
rack (2.0.4) lib/rack/head.rb:12:in `call'
activerecord (5.0.6) lib/active_record/migration.rb:553:in `call'
actionpack (5.0.6) lib/action_dispatch/middleware/callbacks.rb:38:in `block in call'
activesupport (5.0.6) lib/active_support/callbacks.rb:97:in `__run_callbacks__'
activesupport (5.0.6) lib/active_support/callbacks.rb:750:in `_run_call_callbacks'
activesupport (5.0.6) lib/active_support/callbacks.rb:90:in `run_callbacks'
actionpack (5.0.6) lib/action_dispatch/middleware/callbacks.rb:36:in `call'
actionpack (5.0.6) lib/action_dispatch/middleware/executor.rb:12:in `call'
actionpack (5.0.6) lib/action_dispatch/middleware/remote_ip.rb:79:in `call'
actionpack (5.0.6) lib/action_dispatch/middleware/debug_exceptions.rb:49:in `call'
actionpack (5.0.6) lib/action_dispatch/middleware/show_exceptions.rb:31:in `call'
railties (5.0.6) lib/rails/rack/logger.rb:36:in `call_app'
railties (5.0.6) lib/rails/rack/logger.rb:24:in `block in call'
activesupport (5.0.6) lib/active_support/tagged_logging.rb:69:in `block in tagged'
activesupport (5.0.6) lib/active_support/tagged_logging.rb:26:in `tagged'
activesupport (5.0.6) lib/active_support/tagged_logging.rb:69:in `tagged'
railties (5.0.6) lib/rails/rack/logger.rb:24:in `call'
actionpack (5.0.6) lib/action_dispatch/middleware/request_id.rb:24:in `call'
rack (2.0.4) lib/rack/runtime.rb:22:in `call'
activesupport (5.0.6) lib/active_support/cache/strategy/local_cache_middleware.rb:28:in `call'
actionpack (5.0.6) lib/action_dispatch/middleware/executor.rb:12:in `call'
actionpack (5.0.6) lib/action_dispatch/middleware/static.rb:136:in `call'
rack (2.0.4) lib/rack/sendfile.rb:111:in `call'
rack-cors (1.0.2) lib/rack/cors.rb:97:in `call'
railties (5.0.6) lib/rails/engine.rb:522:in `call'
puma (3.11.3) lib/puma/configuration.rb:225:in `call'
puma (3.11.3) lib/puma/server.rb:624:in `handle_request'
puma (3.11.3) lib/puma/server.rb:438:in `process_client'
puma (3.11.3) lib/puma/server.rb:302:in `block in run'
puma (3.11.3) lib/puma/thread_pool.rb:120:in `block in spawn_thread'
Started GET "/v1/contacts" for 127.0.0.1 at 2018-03-20 20:51:59 -0400
Processing by V1::ContactsController#index as JSON
  [1m[36mUser Load (0.2ms)[0m  [1m[34mSELECT  "users".* FROM "users" WHERE "users"."email" = ? ORDER BY "users"."id" ASC LIMIT ?[0m  [["email", "test@example.com"], ["LIMIT", 1]]
Completed 500 Internal Server Error in 2ms (ActiveRecord: 0.2ms)


  
RuntimeError (Could not find a valid mapping for #<User id: 1, email: "test@example.com", created_at: "2018-03-20 23:26:32", updated_at: "2018-03-20 23:26:32", authentication_token: "RskQQocVQtFW3xkNiPDk">):
  
devise (4.4.3) lib/devise/mapping.rb:46:in `find_scope!'
devise (4.4.3) lib/devise/controllers/sign_in_out.rb:32:in `sign_in'
simple_token_authentication (1.15.1) lib/simple_token_authentication/sign_in_handler.rb:10:in `sign_in'
simple_token_authentication (1.15.1) lib/simple_token_authentication/token_authentication_handler.rb:61:in `perform_sign_in!'
simple_token_authentication (1.15.1) lib/simple_token_authentication/token_authentication_handler.rb:42:in `authenticate_entity_from_token!'
simple_token_authentication (1.15.1) lib/simple_token_authentication/token_authentication_handler.rb:138:in `block (3 levels) in define_token_authentication_helpers_for'
simple_token_authentication (1.15.1) lib/simple_token_authentication/token_authentication_handler.rb:138:in `block (2 levels) in define_token_authentication_helpers_for'
activesupport (5.0.6) lib/active_support/callbacks.rb:382:in `block in make_lambda'
activesupport (5.0.6) lib/active_support/callbacks.rb:169:in `block (2 levels) in halting'
actionpack (5.0.6) lib/abstract_controller/callbacks.rb:12:in `block (2 levels) in <module:Callbacks>'
activesupport (5.0.6) lib/active_support/callbacks.rb:170:in `block in halting'
activesupport (5.0.6) lib/active_support/callbacks.rb:454:in `block in call'
activesupport (5.0.6) lib/active_support/callbacks.rb:454:in `each'
activesupport (5.0.6) lib/active_support/callbacks.rb:454:in `call'
activesupport (5.0.6) lib/active_support/callbacks.rb:101:in `__run_callbacks__'
activesupport (5.0.6) lib/active_support/callbacks.rb:750:in `_run_process_action_callbacks'
activesupport (5.0.6) lib/active_support/callbacks.rb:90:in `run_callbacks'
actionpack (5.0.6) lib/abstract_controller/callbacks.rb:19:in `process_action'
actionpack (5.0.6) lib/action_controller/metal/rescue.rb:20:in `process_action'
actionpack (5.0.6) lib/action_controller/metal/instrumentation.rb:32:in `block in process_action'
activesupport (5.0.6) lib/active_support/notifications.rb:164:in `block in instrument'
activesupport (5.0.6) lib/active_support/notifications/instrumenter.rb:21:in `instrument'
activesupport (5.0.6) lib/active_support/notifications.rb:164:in `instrument'
actionpack (5.0.6) lib/action_controller/metal/instrumentation.rb:30:in `process_action'
actionpack (5.0.6) lib/action_controller/metal/params_wrapper.rb:248:in `process_action'
activerecord (5.0.6) lib/active_record/railties/controller_runtime.rb:18:in `process_action'
actionpack (5.0.6) lib/abstract_controller/base.rb:126:in `process'
actionview (5.0.6) lib/action_view/rendering.rb:30:in `process'
actionpack (5.0.6) lib/action_controller/metal.rb:190:in `dispatch'
actionpack (5.0.6) lib/action_controller/metal.rb:262:in `dispatch'
actionpack (5.0.6) lib/action_dispatch/routing/route_set.rb:50:in `dispatch'
actionpack (5.0.6) lib/action_dispatch/routing/route_set.rb:32:in `serve'
actionpack (5.0.6) lib/action_dispatch/journey/router.rb:39:in `block in serve'
actionpack (5.0.6) lib/action_dispatch/journey/router.rb:26:in `each'
actionpack (5.0.6) lib/action_dispatch/journey/router.rb:26:in `serve'
actionpack (5.0.6) lib/action_dispatch/routing/route_set.rb:727:in `call'
warden (1.2.7) lib/warden/manager.rb:36:in `block in call'
warden (1.2.7) lib/warden/manager.rb:35:in `catch'
warden (1.2.7) lib/warden/manager.rb:35:in `call'
rack (2.0.4) lib/rack/etag.rb:25:in `call'
rack (2.0.4) lib/rack/conditional_get.rb:25:in `call'
rack (2.0.4) lib/rack/head.rb:12:in `call'
activerecord (5.0.6) lib/active_record/migration.rb:553:in `call'
actionpack (5.0.6) lib/action_dispatch/middleware/callbacks.rb:38:in `block in call'
activesupport (5.0.6) lib/active_support/callbacks.rb:97:in `__run_callbacks__'
activesupport (5.0.6) lib/active_support/callbacks.rb:750:in `_run_call_callbacks'
activesupport (5.0.6) lib/active_support/callbacks.rb:90:in `run_callbacks'
actionpack (5.0.6) lib/action_dispatch/middleware/callbacks.rb:36:in `call'
actionpack (5.0.6) lib/action_dispatch/middleware/executor.rb:12:in `call'
actionpack (5.0.6) lib/action_dispatch/middleware/remote_ip.rb:79:in `call'
actionpack (5.0.6) lib/action_dispatch/middleware/debug_exceptions.rb:49:in `call'
actionpack (5.0.6) lib/action_dispatch/middleware/show_exceptions.rb:31:in `call'
railties (5.0.6) lib/rails/rack/logger.rb:36:in `call_app'
railties (5.0.6) lib/rails/rack/logger.rb:24:in `block in call'
activesupport (5.0.6) lib/active_support/tagged_logging.rb:69:in `block in tagged'
activesupport (5.0.6) lib/active_support/tagged_logging.rb:26:in `tagged'
activesupport (5.0.6) lib/active_support/tagged_logging.rb:69:in `tagged'
railties (5.0.6) lib/rails/rack/logger.rb:24:in `call'
actionpack (5.0.6) lib/action_dispatch/middleware/request_id.rb:24:in `call'
rack (2.0.4) lib/rack/runtime.rb:22:in `call'
activesupport (5.0.6) lib/active_support/cache/strategy/local_cache_middleware.rb:28:in `call'
actionpack (5.0.6) lib/action_dispatch/middleware/executor.rb:12:in `call'
actionpack (5.0.6) lib/action_dispatch/middleware/static.rb:136:in `call'
rack (2.0.4) lib/rack/sendfile.rb:111:in `call'
rack-cors (1.0.2) lib/rack/cors.rb:97:in `call'
railties (5.0.6) lib/rails/engine.rb:522:in `call'
puma (3.11.3) lib/puma/configuration.rb:225:in `call'
puma (3.11.3) lib/puma/server.rb:624:in `handle_request'
puma (3.11.3) lib/puma/server.rb:438:in `process_client'
puma (3.11.3) lib/puma/server.rb:302:in `block in run'
puma (3.11.3) lib/puma/thread_pool.rb:120:in `block in spawn_thread'
Started GET "/v1/contacts" for 127.0.0.1 at 2018-03-20 20:52:56 -0400
Processing by V1::ContactsController#index as JSON
  [1m[36mUser Load (0.7ms)[0m  [1m[34mSELECT  "users".* FROM "users" WHERE "users"."email" = ? ORDER BY "users"."id" ASC LIMIT ?[0m  [["email", "test@example.com"], ["LIMIT", 1]]
Completed 500 Internal Server Error in 26ms (ActiveRecord: 1.9ms)


  
RuntimeError (Could not find a valid mapping for #<User id: 1, email: "test@example.com", created_at: "2018-03-20 23:26:32", updated_at: "2018-03-20 23:26:32", authentication_token: "RskQQocVQtFW3xkNiPDk">):
  
devise (4.4.3) lib/devise/mapping.rb:46:in `find_scope!'
devise (4.4.3) lib/devise/controllers/sign_in_out.rb:32:in `sign_in'
simple_token_authentication (1.15.1) lib/simple_token_authentication/sign_in_handler.rb:10:in `sign_in'
simple_token_authentication (1.15.1) lib/simple_token_authentication/token_authentication_handler.rb:61:in `perform_sign_in!'
simple_token_authentication (1.15.1) lib/simple_token_authentication/token_authentication_handler.rb:42:in `authenticate_entity_from_token!'
simple_token_authentication (1.15.1) lib/simple_token_authentication/token_authentication_handler.rb:138:in `block (3 levels) in define_token_authentication_helpers_for'
simple_token_authentication (1.15.1) lib/simple_token_authentication/token_authentication_handler.rb:138:in `block (2 levels) in define_token_authentication_helpers_for'
activesupport (5.0.6) lib/active_support/callbacks.rb:382:in `block in make_lambda'
activesupport (5.0.6) lib/active_support/callbacks.rb:169:in `block (2 levels) in halting'
actionpack (5.0.6) lib/abstract_controller/callbacks.rb:12:in `block (2 levels) in <module:Callbacks>'
activesupport (5.0.6) lib/active_support/callbacks.rb:170:in `block in halting'
activesupport (5.0.6) lib/active_support/callbacks.rb:454:in `block in call'
activesupport (5.0.6) lib/active_support/callbacks.rb:454:in `each'
activesupport (5.0.6) lib/active_support/callbacks.rb:454:in `call'
activesupport (5.0.6) lib/active_support/callbacks.rb:101:in `__run_callbacks__'
activesupport (5.0.6) lib/active_support/callbacks.rb:750:in `_run_process_action_callbacks'
activesupport (5.0.6) lib/active_support/callbacks.rb:90:in `run_callbacks'
actionpack (5.0.6) lib/abstract_controller/callbacks.rb:19:in `process_action'
actionpack (5.0.6) lib/action_controller/metal/rescue.rb:20:in `process_action'
actionpack (5.0.6) lib/action_controller/metal/instrumentation.rb:32:in `block in process_action'
activesupport (5.0.6) lib/active_support/notifications.rb:164:in `block in instrument'
activesupport (5.0.6) lib/active_support/notifications/instrumenter.rb:21:in `instrument'
activesupport (5.0.6) lib/active_support/notifications.rb:164:in `instrument'
actionpack (5.0.6) lib/action_controller/metal/instrumentation.rb:30:in `process_action'
actionpack (5.0.6) lib/action_controller/metal/params_wrapper.rb:248:in `process_action'
activerecord (5.0.6) lib/active_record/railties/controller_runtime.rb:18:in `process_action'
actionpack (5.0.6) lib/abstract_controller/base.rb:126:in `process'
actionview (5.0.6) lib/action_view/rendering.rb:30:in `process'
actionpack (5.0.6) lib/action_controller/metal.rb:190:in `dispatch'
actionpack (5.0.6) lib/action_controller/metal.rb:262:in `dispatch'
actionpack (5.0.6) lib/action_dispatch/routing/route_set.rb:50:in `dispatch'
actionpack (5.0.6) lib/action_dispatch/routing/route_set.rb:32:in `serve'
actionpack (5.0.6) lib/action_dispatch/journey/router.rb:39:in `block in serve'
actionpack (5.0.6) lib/action_dispatch/journey/router.rb:26:in `each'
actionpack (5.0.6) lib/action_dispatch/journey/router.rb:26:in `serve'
actionpack (5.0.6) lib/action_dispatch/routing/route_set.rb:727:in `call'
warden (1.2.7) lib/warden/manager.rb:36:in `block in call'
warden (1.2.7) lib/warden/manager.rb:35:in `catch'
warden (1.2.7) lib/warden/manager.rb:35:in `call'
rack (2.0.4) lib/rack/etag.rb:25:in `call'
rack (2.0.4) lib/rack/conditional_get.rb:25:in `call'
rack (2.0.4) lib/rack/head.rb:12:in `call'
activerecord (5.0.6) lib/active_record/migration.rb:553:in `call'
actionpack (5.0.6) lib/action_dispatch/middleware/callbacks.rb:38:in `block in call'
activesupport (5.0.6) lib/active_support/callbacks.rb:97:in `__run_callbacks__'
activesupport (5.0.6) lib/active_support/callbacks.rb:750:in `_run_call_callbacks'
activesupport (5.0.6) lib/active_support/callbacks.rb:90:in `run_callbacks'
actionpack (5.0.6) lib/action_dispatch/middleware/callbacks.rb:36:in `call'
actionpack (5.0.6) lib/action_dispatch/middleware/executor.rb:12:in `call'
actionpack (5.0.6) lib/action_dispatch/middleware/remote_ip.rb:79:in `call'
actionpack (5.0.6) lib/action_dispatch/middleware/debug_exceptions.rb:49:in `call'
actionpack (5.0.6) lib/action_dispatch/middleware/show_exceptions.rb:31:in `call'
railties (5.0.6) lib/rails/rack/logger.rb:36:in `call_app'
railties (5.0.6) lib/rails/rack/logger.rb:24:in `block in call'
activesupport (5.0.6) lib/active_support/tagged_logging.rb:69:in `block in tagged'
activesupport (5.0.6) lib/active_support/tagged_logging.rb:26:in `tagged'
activesupport (5.0.6) lib/active_support/tagged_logging.rb:69:in `tagged'
railties (5.0.6) lib/rails/rack/logger.rb:24:in `call'
actionpack (5.0.6) lib/action_dispatch/middleware/request_id.rb:24:in `call'
rack (2.0.4) lib/rack/runtime.rb:22:in `call'
activesupport (5.0.6) lib/active_support/cache/strategy/local_cache_middleware.rb:28:in `call'
actionpack (5.0.6) lib/action_dispatch/middleware/executor.rb:12:in `call'
actionpack (5.0.6) lib/action_dispatch/middleware/static.rb:136:in `call'
rack (2.0.4) lib/rack/sendfile.rb:111:in `call'
rack-cors (1.0.2) lib/rack/cors.rb:97:in `call'
railties (5.0.6) lib/rails/engine.rb:522:in `call'
puma (3.11.3) lib/puma/configuration.rb:225:in `call'
puma (3.11.3) lib/puma/server.rb:624:in `handle_request'
puma (3.11.3) lib/puma/server.rb:438:in `process_client'
puma (3.11.3) lib/puma/server.rb:302:in `block in run'
puma (3.11.3) lib/puma/thread_pool.rb:120:in `block in spawn_thread'
Started GET "/v1/contacts/" for 127.0.0.1 at 2018-03-20 20:54:16 -0400
Processing by V1::ContactsController#index as JSON
  [1m[36mUser Load (0.2ms)[0m  [1m[34mSELECT  "users".* FROM "users" WHERE "users"."email" = ? ORDER BY "users"."id" ASC LIMIT ?[0m  [["email", "test@example.com"], ["LIMIT", 1]]
Completed 500 Internal Server Error in 2ms (ActiveRecord: 0.2ms)


  
RuntimeError (Could not find a valid mapping for #<User id: 1, email: "test@example.com", created_at: "2018-03-20 23:26:32", updated_at: "2018-03-20 23:26:32", authentication_token: "RskQQocVQtFW3xkNiPDk">):
  
devise (4.4.3) lib/devise/mapping.rb:46:in `find_scope!'
devise (4.4.3) lib/devise/controllers/sign_in_out.rb:32:in `sign_in'
simple_token_authentication (1.15.1) lib/simple_token_authentication/sign_in_handler.rb:10:in `sign_in'
simple_token_authentication (1.15.1) lib/simple_token_authentication/token_authentication_handler.rb:61:in `perform_sign_in!'
simple_token_authentication (1.15.1) lib/simple_token_authentication/token_authentication_handler.rb:42:in `authenticate_entity_from_token!'
simple_token_authentication (1.15.1) lib/simple_token_authentication/token_authentication_handler.rb:138:in `block (3 levels) in define_token_authentication_helpers_for'
simple_token_authentication (1.15.1) lib/simple_token_authentication/token_authentication_handler.rb:138:in `block (2 levels) in define_token_authentication_helpers_for'
activesupport (5.0.6) lib/active_support/callbacks.rb:382:in `block in make_lambda'
activesupport (5.0.6) lib/active_support/callbacks.rb:169:in `block (2 levels) in halting'
actionpack (5.0.6) lib/abstract_controller/callbacks.rb:12:in `block (2 levels) in <module:Callbacks>'
activesupport (5.0.6) lib/active_support/callbacks.rb:170:in `block in halting'
activesupport (5.0.6) lib/active_support/callbacks.rb:454:in `block in call'
activesupport (5.0.6) lib/active_support/callbacks.rb:454:in `each'
activesupport (5.0.6) lib/active_support/callbacks.rb:454:in `call'
activesupport (5.0.6) lib/active_support/callbacks.rb:101:in `__run_callbacks__'
activesupport (5.0.6) lib/active_support/callbacks.rb:750:in `_run_process_action_callbacks'
activesupport (5.0.6) lib/active_support/callbacks.rb:90:in `run_callbacks'
actionpack (5.0.6) lib/abstract_controller/callbacks.rb:19:in `process_action'
actionpack (5.0.6) lib/action_controller/metal/rescue.rb:20:in `process_action'
actionpack (5.0.6) lib/action_controller/metal/instrumentation.rb:32:in `block in process_action'
activesupport (5.0.6) lib/active_support/notifications.rb:164:in `block in instrument'
activesupport (5.0.6) lib/active_support/notifications/instrumenter.rb:21:in `instrument'
activesupport (5.0.6) lib/active_support/notifications.rb:164:in `instrument'
actionpack (5.0.6) lib/action_controller/metal/instrumentation.rb:30:in `process_action'
actionpack (5.0.6) lib/action_controller/metal/params_wrapper.rb:248:in `process_action'
activerecord (5.0.6) lib/active_record/railties/controller_runtime.rb:18:in `process_action'
actionpack (5.0.6) lib/abstract_controller/base.rb:126:in `process'
actionview (5.0.6) lib/action_view/rendering.rb:30:in `process'
actionpack (5.0.6) lib/action_controller/metal.rb:190:in `dispatch'
actionpack (5.0.6) lib/action_controller/metal.rb:262:in `dispatch'
actionpack (5.0.6) lib/action_dispatch/routing/route_set.rb:50:in `dispatch'
actionpack (5.0.6) lib/action_dispatch/routing/route_set.rb:32:in `serve'
actionpack (5.0.6) lib/action_dispatch/journey/router.rb:39:in `block in serve'
actionpack (5.0.6) lib/action_dispatch/journey/router.rb:26:in `each'
actionpack (5.0.6) lib/action_dispatch/journey/router.rb:26:in `serve'
actionpack (5.0.6) lib/action_dispatch/routing/route_set.rb:727:in `call'
warden (1.2.7) lib/warden/manager.rb:36:in `block in call'
warden (1.2.7) lib/warden/manager.rb:35:in `catch'
warden (1.2.7) lib/warden/manager.rb:35:in `call'
rack (2.0.4) lib/rack/etag.rb:25:in `call'
rack (2.0.4) lib/rack/conditional_get.rb:25:in `call'
rack (2.0.4) lib/rack/head.rb:12:in `call'
activerecord (5.0.6) lib/active_record/migration.rb:553:in `call'
actionpack (5.0.6) lib/action_dispatch/middleware/callbacks.rb:38:in `block in call'
activesupport (5.0.6) lib/active_support/callbacks.rb:97:in `__run_callbacks__'
activesupport (5.0.6) lib/active_support/callbacks.rb:750:in `_run_call_callbacks'
activesupport (5.0.6) lib/active_support/callbacks.rb:90:in `run_callbacks'
actionpack (5.0.6) lib/action_dispatch/middleware/callbacks.rb:36:in `call'
actionpack (5.0.6) lib/action_dispatch/middleware/executor.rb:12:in `call'
actionpack (5.0.6) lib/action_dispatch/middleware/remote_ip.rb:79:in `call'
actionpack (5.0.6) lib/action_dispatch/middleware/debug_exceptions.rb:49:in `call'
actionpack (5.0.6) lib/action_dispatch/middleware/show_exceptions.rb:31:in `call'
railties (5.0.6) lib/rails/rack/logger.rb:36:in `call_app'
railties (5.0.6) lib/rails/rack/logger.rb:24:in `block in call'
activesupport (5.0.6) lib/active_support/tagged_logging.rb:69:in `block in tagged'
activesupport (5.0.6) lib/active_support/tagged_logging.rb:26:in `tagged'
activesupport (5.0.6) lib/active_support/tagged_logging.rb:69:in `tagged'
railties (5.0.6) lib/rails/rack/logger.rb:24:in `call'
actionpack (5.0.6) lib/action_dispatch/middleware/request_id.rb:24:in `call'
rack (2.0.4) lib/rack/runtime.rb:22:in `call'
activesupport (5.0.6) lib/active_support/cache/strategy/local_cache_middleware.rb:28:in `call'
actionpack (5.0.6) lib/action_dispatch/middleware/executor.rb:12:in `call'
actionpack (5.0.6) lib/action_dispatch/middleware/static.rb:136:in `call'
rack (2.0.4) lib/rack/sendfile.rb:111:in `call'
rack-cors (1.0.2) lib/rack/cors.rb:97:in `call'
railties (5.0.6) lib/rails/engine.rb:522:in `call'
puma (3.11.3) lib/puma/configuration.rb:225:in `call'
puma (3.11.3) lib/puma/server.rb:624:in `handle_request'
puma (3.11.3) lib/puma/server.rb:438:in `process_client'
puma (3.11.3) lib/puma/server.rb:302:in `block in run'
puma (3.11.3) lib/puma/thread_pool.rb:120:in `block in spawn_thread'
Started GET "/v1/contacts/" for 127.0.0.1 at 2018-03-20 20:59:16 -0400
  [1m[36mActiveRecord::SchemaMigration Load (11.9ms)[0m  [1m[34mSELECT "schema_migrations".* FROM "schema_migrations"[0m
Processing by V1::ContactsController#index as JSON
  [1m[36mUser Load (0.2ms)[0m  [1m[34mSELECT  "users".* FROM "users" WHERE "users"."email" = ? ORDER BY "users"."id" ASC LIMIT ?[0m  [["email", "test@example.com"], ["LIMIT", 1]]
Completed 500 Internal Server Error in 22ms (ActiveRecord: 0.7ms)


  
RuntimeError (Could not find a valid mapping for #<User id: 1, email: "test@example.com", created_at: "2018-03-20 23:26:32", updated_at: "2018-03-20 23:26:32", authentication_token: "RskQQocVQtFW3xkNiPDk">):
  
devise (4.4.3) lib/devise/mapping.rb:46:in `find_scope!'
devise (4.4.3) lib/devise/controllers/sign_in_out.rb:32:in `sign_in'
simple_token_authentication (1.15.1) lib/simple_token_authentication/sign_in_handler.rb:10:in `sign_in'
simple_token_authentication (1.15.1) lib/simple_token_authentication/token_authentication_handler.rb:61:in `perform_sign_in!'
simple_token_authentication (1.15.1) lib/simple_token_authentication/token_authentication_handler.rb:42:in `authenticate_entity_from_token!'
simple_token_authentication (1.15.1) lib/simple_token_authentication/token_authentication_handler.rb:138:in `block (3 levels) in define_token_authentication_helpers_for'
simple_token_authentication (1.15.1) lib/simple_token_authentication/token_authentication_handler.rb:138:in `block (2 levels) in define_token_authentication_helpers_for'
activesupport (5.0.6) lib/active_support/callbacks.rb:382:in `block in make_lambda'
activesupport (5.0.6) lib/active_support/callbacks.rb:169:in `block (2 levels) in halting'
actionpack (5.0.6) lib/abstract_controller/callbacks.rb:12:in `block (2 levels) in <module:Callbacks>'
activesupport (5.0.6) lib/active_support/callbacks.rb:170:in `block in halting'
activesupport (5.0.6) lib/active_support/callbacks.rb:454:in `block in call'
activesupport (5.0.6) lib/active_support/callbacks.rb:454:in `each'
activesupport (5.0.6) lib/active_support/callbacks.rb:454:in `call'
activesupport (5.0.6) lib/active_support/callbacks.rb:101:in `__run_callbacks__'
activesupport (5.0.6) lib/active_support/callbacks.rb:750:in `_run_process_action_callbacks'
activesupport (5.0.6) lib/active_support/callbacks.rb:90:in `run_callbacks'
actionpack (5.0.6) lib/abstract_controller/callbacks.rb:19:in `process_action'
actionpack (5.0.6) lib/action_controller/metal/rescue.rb:20:in `process_action'
actionpack (5.0.6) lib/action_controller/metal/instrumentation.rb:32:in `block in process_action'
activesupport (5.0.6) lib/active_support/notifications.rb:164:in `block in instrument'
activesupport (5.0.6) lib/active_support/notifications/instrumenter.rb:21:in `instrument'
activesupport (5.0.6) lib/active_support/notifications.rb:164:in `instrument'
actionpack (5.0.6) lib/action_controller/metal/instrumentation.rb:30:in `process_action'
actionpack (5.0.6) lib/action_controller/metal/params_wrapper.rb:248:in `process_action'
activerecord (5.0.6) lib/active_record/railties/controller_runtime.rb:18:in `process_action'
actionpack (5.0.6) lib/abstract_controller/base.rb:126:in `process'
actionview (5.0.6) lib/action_view/rendering.rb:30:in `process'
actionpack (5.0.6) lib/action_controller/metal.rb:190:in `dispatch'
actionpack (5.0.6) lib/action_controller/metal.rb:262:in `dispatch'
actionpack (5.0.6) lib/action_dispatch/routing/route_set.rb:50:in `dispatch'
actionpack (5.0.6) lib/action_dispatch/routing/route_set.rb:32:in `serve'
actionpack (5.0.6) lib/action_dispatch/journey/router.rb:39:in `block in serve'
actionpack (5.0.6) lib/action_dispatch/journey/router.rb:26:in `each'
actionpack (5.0.6) lib/action_dispatch/journey/router.rb:26:in `serve'
actionpack (5.0.6) lib/action_dispatch/routing/route_set.rb:727:in `call'
warden (1.2.7) lib/warden/manager.rb:36:in `block in call'
warden (1.2.7) lib/warden/manager.rb:35:in `catch'
warden (1.2.7) lib/warden/manager.rb:35:in `call'
rack (2.0.4) lib/rack/etag.rb:25:in `call'
rack (2.0.4) lib/rack/conditional_get.rb:25:in `call'
rack (2.0.4) lib/rack/head.rb:12:in `call'
activerecord (5.0.6) lib/active_record/migration.rb:553:in `call'
actionpack (5.0.6) lib/action_dispatch/middleware/callbacks.rb:38:in `block in call'
activesupport (5.0.6) lib/active_support/callbacks.rb:97:in `__run_callbacks__'
activesupport (5.0.6) lib/active_support/callbacks.rb:750:in `_run_call_callbacks'
activesupport (5.0.6) lib/active_support/callbacks.rb:90:in `run_callbacks'
actionpack (5.0.6) lib/action_dispatch/middleware/callbacks.rb:36:in `call'
actionpack (5.0.6) lib/action_dispatch/middleware/executor.rb:12:in `call'
actionpack (5.0.6) lib/action_dispatch/middleware/remote_ip.rb:79:in `call'
actionpack (5.0.6) lib/action_dispatch/middleware/debug_exceptions.rb:49:in `call'
actionpack (5.0.6) lib/action_dispatch/middleware/show_exceptions.rb:31:in `call'
railties (5.0.6) lib/rails/rack/logger.rb:36:in `call_app'
railties (5.0.6) lib/rails/rack/logger.rb:24:in `block in call'
activesupport (5.0.6) lib/active_support/tagged_logging.rb:69:in `block in tagged'
activesupport (5.0.6) lib/active_support/tagged_logging.rb:26:in `tagged'
activesupport (5.0.6) lib/active_support/tagged_logging.rb:69:in `tagged'
railties (5.0.6) lib/rails/rack/logger.rb:24:in `call'
actionpack (5.0.6) lib/action_dispatch/middleware/request_id.rb:24:in `call'
rack (2.0.4) lib/rack/runtime.rb:22:in `call'
activesupport (5.0.6) lib/active_support/cache/strategy/local_cache_middleware.rb:28:in `call'
actionpack (5.0.6) lib/action_dispatch/middleware/executor.rb:12:in `call'
actionpack (5.0.6) lib/action_dispatch/middleware/static.rb:136:in `call'
rack (2.0.4) lib/rack/sendfile.rb:111:in `call'
rack-cors (1.0.2) lib/rack/cors.rb:97:in `call'
railties (5.0.6) lib/rails/engine.rb:522:in `call'
puma (3.11.3) lib/puma/configuration.rb:225:in `call'
puma (3.11.3) lib/puma/server.rb:624:in `handle_request'
puma (3.11.3) lib/puma/server.rb:438:in `process_client'
puma (3.11.3) lib/puma/server.rb:302:in `block in run'
puma (3.11.3) lib/puma/thread_pool.rb:120:in `block in spawn_thread'
Started GET "/v1/contacts/" for 127.0.0.1 at 2018-03-20 21:00:22 -0400
  [1m[36mActiveRecord::SchemaMigration Load (0.1ms)[0m  [1m[34mSELECT "schema_migrations".* FROM "schema_migrations"[0m
Processing by V1::ContactsController#index as JSON
  [1m[36mUser Load (0.2ms)[0m  [1m[34mSELECT  "users".* FROM "users" WHERE "users"."email" = ? ORDER BY "users"."id" ASC LIMIT ?[0m  [["email", "test@example.com"], ["LIMIT", 1]]
Completed 500 Internal Server Error in 14ms (ActiveRecord: 0.7ms)


  
NoMethodError (undefined method `pry' for #<Binding:0x007fc137876518>
Did you mean?  try):
  
app/controllers/v1/contacts_controller.rb:3:in `index'
Started GET "/v1/contacts/" for 127.0.0.1 at 2018-03-20 21:00:39 -0400
  [1m[36mActiveRecord::SchemaMigration Load (0.2ms)[0m  [1m[34mSELECT "schema_migrations".* FROM "schema_migrations"[0m
Processing by V1::ContactsController#index as JSON
  [1m[36mUser Load (0.1ms)[0m  [1m[34mSELECT  "users".* FROM "users" WHERE "users"."email" = ? ORDER BY "users"."id" ASC LIMIT ?[0m  [["email", "test@example.com"], ["LIMIT", 1]]
  [1m[36mContact Load (1.9ms)[0m  [1m[34mSELECT "contacts".* FROM "contacts"[0m
Completed 200 OK in 27ms (Views: 1.2ms | ActiveRecord: 2.8ms)


Started POST "/v1/sessions/" for 127.0.0.1 at 2018-03-20 21:01:02 -0400
Processing by V1::SessionsController#create as JSON
  Parameters: {"session"=>{}}
  [1m[36mUser Load (0.3ms)[0m  [1m[34mSELECT  "users".* FROM "users" WHERE "users"."email" = ? ORDER BY "users"."id" ASC LIMIT ?[0m  [["email", "test@example.com"], ["LIMIT", 1]]
  [1m[36mUser Load (0.3ms)[0m  [1m[34mSELECT  "users".* FROM "users" WHERE "users"."email" IS NULL ORDER BY "users"."id" ASC LIMIT ?[0m  [["LIMIT", 1]]
Completed 401 Unauthorized in 4ms (ActiveRecord: 0.6ms)


Started GET "/v1/contacts/" for 127.0.0.1 at 2018-03-20 21:03:44 -0400
  [1m[36mActiveRecord::SchemaMigration Load (0.2ms)[0m  [1m[34mSELECT "schema_migrations".* FROM "schema_migrations"[0m
Processing by V1::ContactsController#index as JSON
  [1m[36mUser Load (0.2ms)[0m  [1m[34mSELECT  "users".* FROM "users" WHERE "users"."email" = ? ORDER BY "users"."id" ASC LIMIT ?[0m  [["email", "test@example.com"], ["LIMIT", 1]]
  [1m[36mContact Load (1.7ms)[0m  [1m[34mSELECT "contacts".* FROM "contacts"[0m
Completed 200 OK in 30ms (Views: 1.1ms | ActiveRecord: 3.2ms)


  [1m[35m (0.1ms)[0m  [1m[36mbegin transaction[0m
  [1m[35mSQL (0.4ms)[0m  [1m[32mINSERT INTO "contacts" ("first_name", "last_name", "email", "created_at", "updated_at") VALUES (?, ?, ?, ?, ?)[0m  [["first_name", "Tony"], ["last_name", "Balls"], ["email", "test@test.com"], ["created_at", "2018-03-21 01:37:24.881785"], ["updated_at", "2018-03-21 01:37:24.881785"]]
  [1m[35m (1.3ms)[0m  [1m[36mcommit transaction[0m
  [1m[35m (0.1ms)[0m  [1m[36mbegin transaction[0m
  [1m[35mSQL (0.3ms)[0m  [1m[32mINSERT INTO "contacts" ("first_name", "last_name", "email", "created_at", "updated_at") VALUES (?, ?, ?, ?, ?)[0m  [["first_name", "Randy"], ["last_name", "Penis"], ["email", "example@example.com"], ["created_at", "2018-03-21 01:38:05.333451"], ["updated_at", "2018-03-21 01:38:05.333451"]]
  [1m[35m (1.0ms)[0m  [1m[36mcommit transaction[0m
  [1m[36mContact Load (0.2ms)[0m  [1m[34mSELECT "contacts".* FROM "contacts"[0m
Started GET "/v1/contacts/" for 127.0.0.1 at 2018-03-20 21:38:30 -0400
  [1m[36mActiveRecord::SchemaMigration Load (0.1ms)[0m  [1m[34mSELECT "schema_migrations".* FROM "schema_migrations"[0m
Processing by V1::ContactsController#index as JSON
  [1m[36mUser Load (0.2ms)[0m  [1m[34mSELECT  "users".* FROM "users" WHERE "users"."email" = ? ORDER BY "users"."id" ASC LIMIT ?[0m  [["email", "test@example.com"], ["LIMIT", 1]]
  Rendering v1/contacts/index.json.jbuilder
  [1m[36mContact Load (0.2ms)[0m  [1m[34mSELECT "contacts".* FROM "contacts"[0m
  Rendered v1/contacts/_contact.json.jbuilder (0.8ms)
  Rendered v1/contacts/_contact.json.jbuilder (0.1ms)
  Rendered v1/contacts/index.json.jbuilder (41.4ms)
Completed 200 OK in 87ms (Views: 72.4ms | ActiveRecord: 1.3ms)


Started GET "/v1/contacts/" for 127.0.0.1 at 2018-03-20 21:44:28 -0400
Processing by V1::ContactsController#index as JSON
  [1m[36mUser Load (0.2ms)[0m  [1m[34mSELECT  "users".* FROM "users" WHERE "users"."email" = ? ORDER BY "users"."id" ASC LIMIT ?[0m  [["email", "test@example.c"], ["LIMIT", 1]]
  Rendering v1/contacts/index.json.jbuilder
  [1m[36mContact Load (0.2ms)[0m  [1m[34mSELECT "contacts".* FROM "contacts"[0m
  Rendered v1/contacts/_contact.json.jbuilder (1.1ms)
  Rendered v1/contacts/_contact.json.jbuilder (0.1ms)
  Rendered v1/contacts/index.json.jbuilder (7.2ms)
Completed 200 OK in 12ms (Views: 9.6ms | ActiveRecord: 0.4ms)


Started GET "/v1/contacts/" for 127.0.0.1 at 2018-03-20 21:44:35 -0400
Processing by V1::ContactsController#index as JSON
  [1m[36mUser Load (0.5ms)[0m  [1m[34mSELECT  "users".* FROM "users" WHERE "users"."email" = ? ORDER BY "users"."id" ASC LIMIT ?[0m  [["email", "test@example.com"], ["LIMIT", 1]]
  Rendering v1/contacts/index.json.jbuilder
  [1m[36mContact Load (0.2ms)[0m  [1m[34mSELECT "contacts".* FROM "contacts"[0m
  Rendered v1/contacts/_contact.json.jbuilder (0.4ms)
  Rendered v1/contacts/_contact.json.jbuilder (0.1ms)
  Rendered v1/contacts/index.json.jbuilder (4.6ms)
Completed 200 OK in 12ms (Views: 9.6ms | ActiveRecord: 0.7ms)


Started GET "/v1/sessions/" for 127.0.0.1 at 2018-03-20 21:44:46 -0400
  
ActionController::RoutingError (No route matches [GET] "/v1/sessions"):
  
actionpack (5.0.6) lib/action_dispatch/middleware/debug_exceptions.rb:53:in `call'
actionpack (5.0.6) lib/action_dispatch/middleware/show_exceptions.rb:31:in `call'
railties (5.0.6) lib/rails/rack/logger.rb:36:in `call_app'
railties (5.0.6) lib/rails/rack/logger.rb:24:in `block in call'
activesupport (5.0.6) lib/active_support/tagged_logging.rb:69:in `block in tagged'
activesupport (5.0.6) lib/active_support/tagged_logging.rb:26:in `tagged'
activesupport (5.0.6) lib/active_support/tagged_logging.rb:69:in `tagged'
railties (5.0.6) lib/rails/rack/logger.rb:24:in `call'
actionpack (5.0.6) lib/action_dispatch/middleware/request_id.rb:24:in `call'
rack (2.0.4) lib/rack/runtime.rb:22:in `call'
activesupport (5.0.6) lib/active_support/cache/strategy/local_cache_middleware.rb:28:in `call'
actionpack (5.0.6) lib/action_dispatch/middleware/executor.rb:12:in `call'
actionpack (5.0.6) lib/action_dispatch/middleware/static.rb:136:in `call'
rack (2.0.4) lib/rack/sendfile.rb:111:in `call'
rack-cors (1.0.2) lib/rack/cors.rb:97:in `call'
railties (5.0.6) lib/rails/engine.rb:522:in `call'
puma (3.11.3) lib/puma/configuration.rb:225:in `call'
puma (3.11.3) lib/puma/server.rb:624:in `handle_request'
puma (3.11.3) lib/puma/server.rb:438:in `process_client'
puma (3.11.3) lib/puma/server.rb:302:in `block in run'
puma (3.11.3) lib/puma/thread_pool.rb:120:in `block in spawn_thread'
Started GET "/v1/contacts/" for 127.0.0.1 at 2018-03-20 21:45:07 -0400
Processing by V1::ContactsController#index as JSON
  [1m[36mUser Load (0.3ms)[0m  [1m[34mSELECT  "users".* FROM "users" WHERE "users"."email" = ? ORDER BY "users"."id" ASC LIMIT ?[0m  [["email", "test@example.com"], ["LIMIT", 1]]
  Rendering v1/contacts/index.json.jbuilder
  [1m[36mContact Load (0.9ms)[0m  [1m[34mSELECT "contacts".* FROM "contacts"[0m
  Rendered v1/contacts/_contact.json.jbuilder (0.3ms)
  Rendered v1/contacts/_contact.json.jbuilder (0.1ms)
  Rendered v1/contacts/index.json.jbuilder (6.3ms)
Completed 200 OK in 14ms (Views: 9.7ms | ActiveRecord: 1.2ms)


Started POST "/v1/contacts" for 127.0.0.1 at 2018-03-20 21:46:49 -0400
Processing by V1::ContactsController#create as JSON
  Parameters: {"first_name"=>"Steve", "last_name"=>"Boobs", "email"=>"test@testington.com"}
  [1m[36mUser Load (0.3ms)[0m  [1m[34mSELECT  "users".* FROM "users" WHERE "users"."email" = ? ORDER BY "users"."id" ASC LIMIT ?[0m  [["email", "test@example.com"], ["LIMIT", 1]]
Completed 400 Bad Request in 4ms (ActiveRecord: 0.3ms)


  
ActionController::ParameterMissing (param is missing or the value is empty: contact):
  
app/controllers/v1/contacts_controller.rb:28:in `contact_params'
app/controllers/v1/contacts_controller.rb:9:in `create'
Started GET "/v1/contacts" for 127.0.0.1 at 2018-03-20 22:17:13 -0400
  [1m[36mActiveRecord::SchemaMigration Load (0.2ms)[0m  [1m[34mSELECT "schema_migrations".* FROM "schema_migrations"[0m
Processing by V1::ContactsController#index as JSON
  Rendering v1/contacts/index.json.jbuilder
  [1m[36mContact Load (0.2ms)[0m  [1m[34mSELECT "contacts".* FROM "contacts"[0m
  Rendered v1/contacts/_contact.json.jbuilder (0.4ms)
  Rendered v1/contacts/_contact.json.jbuilder (0.0ms)
  Rendered v1/contacts/index.json.jbuilder (29.3ms)
Completed 200 OK in 64ms (Views: 61.0ms | ActiveRecord: 0.9ms)


Started GET "/favicon.ico" for 127.0.0.1 at 2018-03-20 22:17:13 -0400
  
ActionController::RoutingError (No route matches [GET] "/favicon.ico"):
  
actionpack (5.0.6) lib/action_dispatch/middleware/debug_exceptions.rb:53:in `call'
actionpack (5.0.6) lib/action_dispatch/middleware/show_exceptions.rb:31:in `call'
railties (5.0.6) lib/rails/rack/logger.rb:36:in `call_app'
railties (5.0.6) lib/rails/rack/logger.rb:24:in `block in call'
activesupport (5.0.6) lib/active_support/tagged_logging.rb:69:in `block in tagged'
activesupport (5.0.6) lib/active_support/tagged_logging.rb:26:in `tagged'
activesupport (5.0.6) lib/active_support/tagged_logging.rb:69:in `tagged'
railties (5.0.6) lib/rails/rack/logger.rb:24:in `call'
actionpack (5.0.6) lib/action_dispatch/middleware/request_id.rb:24:in `call'
rack (2.0.4) lib/rack/runtime.rb:22:in `call'
activesupport (5.0.6) lib/active_support/cache/strategy/local_cache_middleware.rb:28:in `call'
actionpack (5.0.6) lib/action_dispatch/middleware/executor.rb:12:in `call'
actionpack (5.0.6) lib/action_dispatch/middleware/static.rb:136:in `call'
rack (2.0.4) lib/rack/sendfile.rb:111:in `call'
rack-cors (1.0.2) lib/rack/cors.rb:97:in `call'
railties (5.0.6) lib/rails/engine.rb:522:in `call'
puma (3.11.3) lib/puma/configuration.rb:225:in `call'
puma (3.11.3) lib/puma/server.rb:624:in `handle_request'
puma (3.11.3) lib/puma/server.rb:438:in `process_client'
puma (3.11.3) lib/puma/server.rb:302:in `block in run'
puma (3.11.3) lib/puma/thread_pool.rb:120:in `block in spawn_thread'
Started GET "/v1/sessions" for 127.0.0.1 at 2018-03-20 22:17:19 -0400
  
ActionController::RoutingError (No route matches [GET] "/v1/sessions"):
  
actionpack (5.0.6) lib/action_dispatch/middleware/debug_exceptions.rb:53:in `call'
actionpack (5.0.6) lib/action_dispatch/middleware/show_exceptions.rb:31:in `call'
railties (5.0.6) lib/rails/rack/logger.rb:36:in `call_app'
railties (5.0.6) lib/rails/rack/logger.rb:24:in `block in call'
activesupport (5.0.6) lib/active_support/tagged_logging.rb:69:in `block in tagged'
activesupport (5.0.6) lib/active_support/tagged_logging.rb:26:in `tagged'
activesupport (5.0.6) lib/active_support/tagged_logging.rb:69:in `tagged'
railties (5.0.6) lib/rails/rack/logger.rb:24:in `call'
actionpack (5.0.6) lib/action_dispatch/middleware/request_id.rb:24:in `call'
rack (2.0.4) lib/rack/runtime.rb:22:in `call'
activesupport (5.0.6) lib/active_support/cache/strategy/local_cache_middleware.rb:28:in `call'
actionpack (5.0.6) lib/action_dispatch/middleware/executor.rb:12:in `call'
actionpack (5.0.6) lib/action_dispatch/middleware/static.rb:136:in `call'
rack (2.0.4) lib/rack/sendfile.rb:111:in `call'
rack-cors (1.0.2) lib/rack/cors.rb:97:in `call'
railties (5.0.6) lib/rails/engine.rb:522:in `call'
puma (3.11.3) lib/puma/configuration.rb:225:in `call'
puma (3.11.3) lib/puma/server.rb:624:in `handle_request'
puma (3.11.3) lib/puma/server.rb:438:in `process_client'
puma (3.11.3) lib/puma/server.rb:302:in `block in run'
puma (3.11.3) lib/puma/thread_pool.rb:120:in `block in spawn_thread'
  [1m[36mActiveRecord::SchemaMigration Load (0.2ms)[0m  [1m[34mSELECT "schema_migrations".* FROM "schema_migrations"[0m
Migrating to AddUserIdToContacts (20180321021848)
  [1m[35m (0.1ms)[0m  [1m[36mbegin transaction[0m
  [1m[35m (18.9ms)[0m  [1m[35mALTER TABLE "contacts" ADD "user_id" integer[0m
  [1m[35m (0.1ms)[0m  [1m[34mselect sqlite_version(*)[0m
  [1m[35m (0.3ms)[0m  [1m[35mCREATE  INDEX "index_contacts_on_user_id" ON "contacts" ("user_id")[0m
  [1m[35mSQL (0.2ms)[0m  [1m[32mINSERT INTO "schema_migrations" ("version") VALUES (?)[0m  [["version", "20180321021848"]]
  [1m[35m (1.0ms)[0m  [1m[36mcommit transaction[0m
  [1m[36mActiveRecord::InternalMetadata Load (0.1ms)[0m  [1m[34mSELECT  "ar_internal_metadata".* FROM "ar_internal_metadata" WHERE "ar_internal_metadata"."key" = ? LIMIT ?[0m  [["key", "environment"], ["LIMIT", 1]]
  [1m[35m (0.0ms)[0m  [1m[36mbegin transaction[0m
  [1m[35m (0.0ms)[0m  [1m[36mcommit transaction[0m
  [1m[36mActiveRecord::SchemaMigration Load (0.1ms)[0m  [1m[34mSELECT "schema_migrations".* FROM "schema_migrations"[0m
  [1m[35m (0.1ms)[0m  [1m[34m            SELECT sql
            FROM sqlite_master
            WHERE name='index_contacts_on_user_id' AND type='index'
            UNION ALL
            SELECT sql
            FROM sqlite_temp_master
            WHERE name='index_contacts_on_user_id' AND type='index'
[0m
  [1m[35m (0.1ms)[0m  [1m[34m            SELECT sql
            FROM sqlite_master
            WHERE name='index_users_on_authentication_token' AND type='index'
            UNION ALL
            SELECT sql
            FROM sqlite_temp_master
            WHERE name='index_users_on_authentication_token' AND type='index'
[0m
  [1m[35m (0.1ms)[0m  [1m[34m            SELECT sql
            FROM sqlite_master
            WHERE name='index_users_on_reset_password_token' AND type='index'
            UNION ALL
            SELECT sql
            FROM sqlite_temp_master
            WHERE name='index_users_on_reset_password_token' AND type='index'
[0m
  [1m[35m (0.1ms)[0m  [1m[34m            SELECT sql
            FROM sqlite_master
            WHERE name='index_users_on_email' AND type='index'
            UNION ALL
            SELECT sql
            FROM sqlite_temp_master
            WHERE name='index_users_on_email' AND type='index'
[0m
  [1m[36mUser Load (0.1ms)[0m  [1m[34mSELECT  "users".* FROM "users" ORDER BY "users"."id" ASC LIMIT ?[0m  [["LIMIT", 1]]
  [1m[35mSQL (47.1ms)[0m  [1m[33mUPDATE "contacts" SET "user_id" = 1[0m
Started GET "/v1/contacts/" for 127.0.0.1 at 2018-03-21 18:18:24 -0400
  [1m[36mActiveRecord::SchemaMigration Load (0.4ms)[0m  [1m[34mSELECT "schema_migrations".* FROM "schema_migrations"[0m
Processing by V1::ContactsController#index as JSON
  [1m[36mUser Load (0.5ms)[0m  [1m[34mSELECT  "users".* FROM "users" WHERE "users"."email" = ? ORDER BY "users"."id" ASC LIMIT ?[0m  [["email", "test@example.com"], ["LIMIT", 1]]
  Rendering v1/contacts/index.json.jbuilder
  [1m[36mContact Load (14.9ms)[0m  [1m[34mSELECT "contacts".* FROM "contacts" WHERE "contacts"."user_id" = ?[0m  [["user_id", 1]]
  Rendered v1/contacts/_contact.json.jbuilder (0.4ms)
  Rendered v1/contacts/_contact.json.jbuilder (0.1ms)
  Rendered v1/contacts/index.json.jbuilder (85.3ms)
Completed 200 OK in 185ms (Views: 109.1ms | ActiveRecord: 16.6ms)


Started GET "/v1/contacts/" for 127.0.0.1 at 2018-03-21 18:18:48 -0400
Processing by V1::ContactsController#index as JSON
Completed 500 Internal Server Error in 38ms (ActiveRecord: 0.0ms)


  
NoMethodError (undefined method `contacts' for nil:NilClass):
  
app/controllers/v1/contacts_controller.rb:3:in `index'
Started GET "/v1/contacts/" for 127.0.0.1 at 2018-03-21 18:18:55 -0400
Processing by V1::ContactsController#index as JSON
  [1m[36mUser Load (0.3ms)[0m  [1m[34mSELECT  "users".* FROM "users" WHERE "users"."email" = ? ORDER BY "users"."id" ASC LIMIT ?[0m  [["email", "test@example.com"], ["LIMIT", 1]]
  Rendering v1/contacts/index.json.jbuilder
  [1m[36mContact Load (0.3ms)[0m  [1m[34mSELECT "contacts".* FROM "contacts" WHERE "contacts"."user_id" = ?[0m  [["user_id", 1]]
  Rendered v1/contacts/_contact.json.jbuilder (0.6ms)
  Rendered v1/contacts/_contact.json.jbuilder (0.2ms)
  Rendered v1/contacts/index.json.jbuilder (7.3ms)
Completed 200 OK in 14ms (Views: 10.3ms | ActiveRecord: 0.5ms)


Started GET "/v1/sessions/" for 127.0.0.1 at 2018-03-21 18:19:05 -0400
  
ActionController::RoutingError (No route matches [GET] "/v1/sessions"):
  
actionpack (5.0.6) lib/action_dispatch/middleware/debug_exceptions.rb:53:in `call'
actionpack (5.0.6) lib/action_dispatch/middleware/show_exceptions.rb:31:in `call'
railties (5.0.6) lib/rails/rack/logger.rb:36:in `call_app'
railties (5.0.6) lib/rails/rack/logger.rb:24:in `block in call'
activesupport (5.0.6) lib/active_support/tagged_logging.rb:69:in `block in tagged'
activesupport (5.0.6) lib/active_support/tagged_logging.rb:26:in `tagged'
activesupport (5.0.6) lib/active_support/tagged_logging.rb:69:in `tagged'
railties (5.0.6) lib/rails/rack/logger.rb:24:in `call'
actionpack (5.0.6) lib/action_dispatch/middleware/request_id.rb:24:in `call'
rack (2.0.4) lib/rack/runtime.rb:22:in `call'
activesupport (5.0.6) lib/active_support/cache/strategy/local_cache_middleware.rb:28:in `call'
actionpack (5.0.6) lib/action_dispatch/middleware/executor.rb:12:in `call'
actionpack (5.0.6) lib/action_dispatch/middleware/static.rb:136:in `call'
rack (2.0.4) lib/rack/sendfile.rb:111:in `call'
rack-cors (1.0.2) lib/rack/cors.rb:97:in `call'
railties (5.0.6) lib/rails/engine.rb:522:in `call'
puma (3.11.3) lib/puma/configuration.rb:225:in `call'
puma (3.11.3) lib/puma/server.rb:624:in `handle_request'
puma (3.11.3) lib/puma/server.rb:438:in `process_client'
puma (3.11.3) lib/puma/server.rb:302:in `block in run'
puma (3.11.3) lib/puma/thread_pool.rb:120:in `block in spawn_thread'
Started GET "/v1/sessions/create" for 127.0.0.1 at 2018-03-21 18:19:15 -0400
  
ActionController::RoutingError (No route matches [GET] "/v1/sessions/create"):
  
actionpack (5.0.6) lib/action_dispatch/middleware/debug_exceptions.rb:53:in `call'
actionpack (5.0.6) lib/action_dispatch/middleware/show_exceptions.rb:31:in `call'
railties (5.0.6) lib/rails/rack/logger.rb:36:in `call_app'
railties (5.0.6) lib/rails/rack/logger.rb:24:in `block in call'
activesupport (5.0.6) lib/active_support/tagged_logging.rb:69:in `block in tagged'
activesupport (5.0.6) lib/active_support/tagged_logging.rb:26:in `tagged'
activesupport (5.0.6) lib/active_support/tagged_logging.rb:69:in `tagged'
railties (5.0.6) lib/rails/rack/logger.rb:24:in `call'
actionpack (5.0.6) lib/action_dispatch/middleware/request_id.rb:24:in `call'
rack (2.0.4) lib/rack/runtime.rb:22:in `call'
activesupport (5.0.6) lib/active_support/cache/strategy/local_cache_middleware.rb:28:in `call'
actionpack (5.0.6) lib/action_dispatch/middleware/executor.rb:12:in `call'
actionpack (5.0.6) lib/action_dispatch/middleware/static.rb:136:in `call'
rack (2.0.4) lib/rack/sendfile.rb:111:in `call'
rack-cors (1.0.2) lib/rack/cors.rb:97:in `call'
railties (5.0.6) lib/rails/engine.rb:522:in `call'
puma (3.11.3) lib/puma/configuration.rb:225:in `call'
puma (3.11.3) lib/puma/server.rb:624:in `handle_request'
puma (3.11.3) lib/puma/server.rb:438:in `process_client'
puma (3.11.3) lib/puma/server.rb:302:in `block in run'
puma (3.11.3) lib/puma/thread_pool.rb:120:in `block in spawn_thread'
Started POST "/v1/sessions/" for 127.0.0.1 at 2018-03-21 18:19:24 -0400
Processing by V1::SessionsController#create as JSON
  Parameters: {"session"=>{}}
  [1m[36mUser Load (0.2ms)[0m  [1m[34mSELECT  "users".* FROM "users" WHERE "users"."email" = ? ORDER BY "users"."id" ASC LIMIT ?[0m  [["email", "test@example.com"], ["LIMIT", 1]]
  [1m[36mUser Load (0.2ms)[0m  [1m[34mSELECT  "users".* FROM "users" WHERE "users"."email" IS NULL ORDER BY "users"."id" ASC LIMIT ?[0m  [["LIMIT", 1]]
Completed 401 Unauthorized in 3ms (ActiveRecord: 0.4ms)


Started POST "/v1/sessions/create" for 127.0.0.1 at 2018-03-21 18:19:38 -0400
  
ActionController::RoutingError (No route matches [POST] "/v1/sessions/create"):
  
actionpack (5.0.6) lib/action_dispatch/middleware/debug_exceptions.rb:53:in `call'
actionpack (5.0.6) lib/action_dispatch/middleware/show_exceptions.rb:31:in `call'
railties (5.0.6) lib/rails/rack/logger.rb:36:in `call_app'
railties (5.0.6) lib/rails/rack/logger.rb:24:in `block in call'
activesupport (5.0.6) lib/active_support/tagged_logging.rb:69:in `block in tagged'
activesupport (5.0.6) lib/active_support/tagged_logging.rb:26:in `tagged'
activesupport (5.0.6) lib/active_support/tagged_logging.rb:69:in `tagged'
railties (5.0.6) lib/rails/rack/logger.rb:24:in `call'
actionpack (5.0.6) lib/action_dispatch/middleware/request_id.rb:24:in `call'
rack (2.0.4) lib/rack/runtime.rb:22:in `call'
activesupport (5.0.6) lib/active_support/cache/strategy/local_cache_middleware.rb:28:in `call'
actionpack (5.0.6) lib/action_dispatch/middleware/executor.rb:12:in `call'
actionpack (5.0.6) lib/action_dispatch/middleware/static.rb:136:in `call'
rack (2.0.4) lib/rack/sendfile.rb:111:in `call'
rack-cors (1.0.2) lib/rack/cors.rb:97:in `call'
railties (5.0.6) lib/rails/engine.rb:522:in `call'
puma (3.11.3) lib/puma/configuration.rb:225:in `call'
puma (3.11.3) lib/puma/server.rb:624:in `handle_request'
puma (3.11.3) lib/puma/server.rb:438:in `process_client'
puma (3.11.3) lib/puma/server.rb:302:in `block in run'
puma (3.11.3) lib/puma/thread_pool.rb:120:in `block in spawn_thread'
Started GET "/v1/sessions/" for 127.0.0.1 at 2018-03-21 18:19:49 -0400
  
ActionController::RoutingError (No route matches [GET] "/v1/sessions"):
  
actionpack (5.0.6) lib/action_dispatch/middleware/debug_exceptions.rb:53:in `call'
actionpack (5.0.6) lib/action_dispatch/middleware/show_exceptions.rb:31:in `call'
railties (5.0.6) lib/rails/rack/logger.rb:36:in `call_app'
railties (5.0.6) lib/rails/rack/logger.rb:24:in `block in call'
activesupport (5.0.6) lib/active_support/tagged_logging.rb:69:in `block in tagged'
activesupport (5.0.6) lib/active_support/tagged_logging.rb:26:in `tagged'
activesupport (5.0.6) lib/active_support/tagged_logging.rb:69:in `tagged'
railties (5.0.6) lib/rails/rack/logger.rb:24:in `call'
actionpack (5.0.6) lib/action_dispatch/middleware/request_id.rb:24:in `call'
rack (2.0.4) lib/rack/runtime.rb:22:in `call'
activesupport (5.0.6) lib/active_support/cache/strategy/local_cache_middleware.rb:28:in `call'
actionpack (5.0.6) lib/action_dispatch/middleware/executor.rb:12:in `call'
actionpack (5.0.6) lib/action_dispatch/middleware/static.rb:136:in `call'
rack (2.0.4) lib/rack/sendfile.rb:111:in `call'
rack-cors (1.0.2) lib/rack/cors.rb:97:in `call'
railties (5.0.6) lib/rails/engine.rb:522:in `call'
puma (3.11.3) lib/puma/configuration.rb:225:in `call'
puma (3.11.3) lib/puma/server.rb:624:in `handle_request'
puma (3.11.3) lib/puma/server.rb:438:in `process_client'
puma (3.11.3) lib/puma/server.rb:302:in `block in run'
puma (3.11.3) lib/puma/thread_pool.rb:120:in `block in spawn_thread'
Started GET "/v1/sessions/" for 127.0.0.1 at 2018-03-21 18:19:50 -0400
  
ActionController::RoutingError (No route matches [GET] "/v1/sessions"):
  
actionpack (5.0.6) lib/action_dispatch/middleware/debug_exceptions.rb:53:in `call'
actionpack (5.0.6) lib/action_dispatch/middleware/show_exceptions.rb:31:in `call'
railties (5.0.6) lib/rails/rack/logger.rb:36:in `call_app'
railties (5.0.6) lib/rails/rack/logger.rb:24:in `block in call'
activesupport (5.0.6) lib/active_support/tagged_logging.rb:69:in `block in tagged'
activesupport (5.0.6) lib/active_support/tagged_logging.rb:26:in `tagged'
activesupport (5.0.6) lib/active_support/tagged_logging.rb:69:in `tagged'
railties (5.0.6) lib/rails/rack/logger.rb:24:in `call'
actionpack (5.0.6) lib/action_dispatch/middleware/request_id.rb:24:in `call'
rack (2.0.4) lib/rack/runtime.rb:22:in `call'
activesupport (5.0.6) lib/active_support/cache/strategy/local_cache_middleware.rb:28:in `call'
actionpack (5.0.6) lib/action_dispatch/middleware/executor.rb:12:in `call'
actionpack (5.0.6) lib/action_dispatch/middleware/static.rb:136:in `call'
rack (2.0.4) lib/rack/sendfile.rb:111:in `call'
rack-cors (1.0.2) lib/rack/cors.rb:97:in `call'
railties (5.0.6) lib/rails/engine.rb:522:in `call'
puma (3.11.3) lib/puma/configuration.rb:225:in `call'
puma (3.11.3) lib/puma/server.rb:624:in `handle_request'
puma (3.11.3) lib/puma/server.rb:438:in `process_client'
puma (3.11.3) lib/puma/server.rb:302:in `block in run'
puma (3.11.3) lib/puma/thread_pool.rb:120:in `block in spawn_thread'
  [1m[36mUser Load (1.2ms)[0m  [1m[34mSELECT "users".* FROM "users"[0m
  [1m[36mContact Load (0.2ms)[0m  [1m[34mSELECT "contacts".* FROM "contacts"[0m
Started GET "/v1/contacts/" for 127.0.0.1 at 2018-03-21 18:27:15 -0400
  [1m[36mActiveRecord::SchemaMigration Load (0.2ms)[0m  [1m[34mSELECT "schema_migrations".* FROM "schema_migrations"[0m
Processing by V1::ContactsController#index as JSON
Completed 500 Internal Server Error in 8ms (ActiveRecord: 0.0ms)


  
NoMethodError (undefined method `contacts' for nil:NilClass):
  
app/controllers/v1/contacts_controller.rb:3:in `index'
  [1m[36mActiveRecord::SchemaMigration Load (0.2ms)[0m  [1m[34mSELECT "schema_migrations".* FROM "schema_migrations"[0m
Migrating to CreateAccounts (20180321222854)
  [1m[35m (0.1ms)[0m  [1m[36mbegin transaction[0m
  [1m[35m (0.4ms)[0m  [1m[35mCREATE TABLE "accounts" ("id" INTEGER PRIMARY KEY AUTOINCREMENT NOT NULL, "name" varchar, "slug" varchar, "owner_id" integer, "created_at" datetime NOT NULL, "updated_at" datetime NOT NULL)[0m
  [1m[35m (0.0ms)[0m  [1m[34mselect sqlite_version(*)[0m
  [1m[35m (0.1ms)[0m  [1m[35mCREATE  INDEX "index_accounts_on_owner_id" ON "accounts" ("owner_id")[0m
  [1m[35mSQL (0.2ms)[0m  [1m[32mINSERT INTO "schema_migrations" ("version") VALUES (?)[0m  [["version", "20180321222854"]]
  [1m[35m (1.0ms)[0m  [1m[36mcommit transaction[0m
  [1m[36mActiveRecord::InternalMetadata Load (0.1ms)[0m  [1m[34mSELECT  "ar_internal_metadata".* FROM "ar_internal_metadata" WHERE "ar_internal_metadata"."key" = ? LIMIT ?[0m  [["key", "environment"], ["LIMIT", 1]]
  [1m[35m (0.0ms)[0m  [1m[36mbegin transaction[0m
  [1m[35m (0.0ms)[0m  [1m[36mcommit transaction[0m
  [1m[36mActiveRecord::SchemaMigration Load (0.1ms)[0m  [1m[34mSELECT "schema_migrations".* FROM "schema_migrations"[0m
  [1m[35m (0.1ms)[0m  [1m[34m            SELECT sql
            FROM sqlite_master
            WHERE name='index_accounts_on_owner_id' AND type='index'
            UNION ALL
            SELECT sql
            FROM sqlite_temp_master
            WHERE name='index_accounts_on_owner_id' AND type='index'
[0m
  [1m[35m (0.1ms)[0m  [1m[34m            SELECT sql
            FROM sqlite_master
            WHERE name='index_contacts_on_user_id' AND type='index'
            UNION ALL
            SELECT sql
            FROM sqlite_temp_master
            WHERE name='index_contacts_on_user_id' AND type='index'
[0m
  [1m[35m (0.1ms)[0m  [1m[34m            SELECT sql
            FROM sqlite_master
            WHERE name='index_users_on_authentication_token' AND type='index'
            UNION ALL
            SELECT sql
            FROM sqlite_temp_master
            WHERE name='index_users_on_authentication_token' AND type='index'
[0m
  [1m[35m (0.1ms)[0m  [1m[34m            SELECT sql
            FROM sqlite_master
            WHERE name='index_users_on_reset_password_token' AND type='index'
            UNION ALL
            SELECT sql
            FROM sqlite_temp_master
            WHERE name='index_users_on_reset_password_token' AND type='index'
[0m
  [1m[35m (0.1ms)[0m  [1m[34m            SELECT sql
            FROM sqlite_master
            WHERE name='index_users_on_email' AND type='index'
            UNION ALL
            SELECT sql
            FROM sqlite_temp_master
            WHERE name='index_users_on_email' AND type='index'
[0m
  [1m[36mUser Load (0.1ms)[0m  [1m[34mSELECT  "users".* FROM "users" ORDER BY "users"."id" ASC LIMIT ?[0m  [["LIMIT", 1]]
  [1m[36mAccount Load (0.1ms)[0m  [1m[34mSELECT "accounts".* FROM "accounts" WHERE "accounts"."owner_id" = ?[0m  [["owner_id", 1]]
  [1m[36mActiveRecord::SchemaMigration Load (0.2ms)[0m  [1m[34mSELECT "schema_migrations".* FROM "schema_migrations"[0m
Migrating to AddIndexForAccountSlug (20180321224535)
  [1m[35m (0.1ms)[0m  [1m[36mbegin transaction[0m
  [1m[35m (0.0ms)[0m  [1m[31mrollback transaction[0m
  [1m[36mActiveRecord::SchemaMigration Load (0.2ms)[0m  [1m[34mSELECT "schema_migrations".* FROM "schema_migrations"[0m
Migrating to AddIndexForAccountSlug (20180321224535)
  [1m[35m (0.0ms)[0m  [1m[36mbegin transaction[0m
  [1m[35m (0.1ms)[0m  [1m[34mselect sqlite_version(*)[0m
  [1m[35m (0.1ms)[0m  [1m[34m            SELECT sql
            FROM sqlite_master
            WHERE name='index_accounts_on_owner_id' AND type='index'
            UNION ALL
            SELECT sql
            FROM sqlite_temp_master
            WHERE name='index_accounts_on_owner_id' AND type='index'
[0m
  [1m[35m (0.7ms)[0m  [1m[35mCREATE UNIQUE INDEX "index_accounts_on_slug" ON "accounts" ("slug")[0m
  [1m[35mSQL (0.1ms)[0m  [1m[32mINSERT INTO "schema_migrations" ("version") VALUES (?)[0m  [["version", "20180321224535"]]
  [1m[35m (73.3ms)[0m  [1m[36mcommit transaction[0m
  [1m[36mActiveRecord::InternalMetadata Load (0.1ms)[0m  [1m[34mSELECT  "ar_internal_metadata".* FROM "ar_internal_metadata" WHERE "ar_internal_metadata"."key" = ? LIMIT ?[0m  [["key", "environment"], ["LIMIT", 1]]
  [1m[35m (0.0ms)[0m  [1m[36mbegin transaction[0m
  [1m[35m (0.0ms)[0m  [1m[36mcommit transaction[0m
  [1m[36mActiveRecord::SchemaMigration Load (0.1ms)[0m  [1m[34mSELECT "schema_migrations".* FROM "schema_migrations"[0m
  [1m[35m (0.2ms)[0m  [1m[34m            SELECT sql
            FROM sqlite_master
            WHERE name='index_accounts_on_slug' AND type='index'
            UNION ALL
            SELECT sql
            FROM sqlite_temp_master
            WHERE name='index_accounts_on_slug' AND type='index'
[0m
  [1m[35m (0.3ms)[0m  [1m[34m            SELECT sql
            FROM sqlite_master
            WHERE name='index_accounts_on_owner_id' AND type='index'
            UNION ALL
            SELECT sql
            FROM sqlite_temp_master
            WHERE name='index_accounts_on_owner_id' AND type='index'
[0m
  [1m[35m (0.1ms)[0m  [1m[34m            SELECT sql
            FROM sqlite_master
            WHERE name='index_contacts_on_user_id' AND type='index'
            UNION ALL
            SELECT sql
            FROM sqlite_temp_master
            WHERE name='index_contacts_on_user_id' AND type='index'
[0m
  [1m[35m (0.1ms)[0m  [1m[34m            SELECT sql
            FROM sqlite_master
            WHERE name='index_users_on_authentication_token' AND type='index'
            UNION ALL
            SELECT sql
            FROM sqlite_temp_master
            WHERE name='index_users_on_authentication_token' AND type='index'
[0m
  [1m[35m (0.1ms)[0m  [1m[34m            SELECT sql
            FROM sqlite_master
            WHERE name='index_users_on_reset_password_token' AND type='index'
            UNION ALL
            SELECT sql
            FROM sqlite_temp_master
            WHERE name='index_users_on_reset_password_token' AND type='index'
[0m
  [1m[35m (0.1ms)[0m  [1m[34m            SELECT sql
            FROM sqlite_master
            WHERE name='index_users_on_email' AND type='index'
            UNION ALL
            SELECT sql
            FROM sqlite_temp_master
            WHERE name='index_users_on_email' AND type='index'
[0m
  [1m[36mUser Load (0.2ms)[0m  [1m[34mSELECT  "users".* FROM "users" ORDER BY "users"."id" ASC LIMIT ?[0m  [["LIMIT", 1]]
  [1m[35m (0.1ms)[0m  [1m[36mbegin transaction[0m
  [1m[36mAccount Exists (0.1ms)[0m  [1m[34mSELECT  1 AS one FROM "accounts" WHERE ("accounts"."id" IS NOT NULL) AND "accounts"."slug" = ? LIMIT ?[0m  [["slug", "testcompany"], ["LIMIT", 1]]
  [1m[35mSQL (0.4ms)[0m  [1m[32mINSERT INTO "accounts" ("name", "slug", "owner_id", "created_at", "updated_at") VALUES (?, ?, ?, ?, ?)[0m  [["name", "TestCompany"], ["slug", "testcompany"], ["owner_id", 1], ["created_at", "2018-03-21 22:50:45.873738"], ["updated_at", "2018-03-21 22:50:45.873738"]]
  [1m[35m (1.5ms)[0m  [1m[36mcommit transaction[0m
  [1m[36mUser Load (0.2ms)[0m  [1m[34mSELECT  "users".* FROM "users" WHERE "users"."id" = ? LIMIT ?[0m  [["id", 1], ["LIMIT", 1]]
  [1m[35m (0.1ms)[0m  [1m[36mbegin transaction[0m
  [1m[35m (0.0ms)[0m  [1m[36mcommit transaction[0m
Started POST "/v1/users/" for 127.0.0.1 at 2018-03-22 21:42:34 -0400
  [1m[36mActiveRecord::SchemaMigration Load (0.3ms)[0m  [1m[34mSELECT "schema_migrations".* FROM "schema_migrations"[0m
Processing by V1::UsersController#create as JSON
  Parameters: {"first_name"=>"Steve", "last_name"=>"Boobs", "email"=>"test@testington.com", "password"=>"[FILTERED]"}
Completed 400 Bad Request in 1ms (ActiveRecord: 0.0ms)


  
ActionController::ParameterMissing (param is missing or the value is empty: user):
  
app/controllers/v1/users_controller.rb:15:in `user_params'
app/controllers/v1/users_controller.rb:4:in `create'
Started POST "/v1/users/" for 127.0.0.1 at 2018-03-22 21:43:00 -0400
Processing by V1::UsersController#create as JSON
  Parameters: {"first_name"=>"Steve", "last_name"=>"Boobs", "email"=>"test@testington.com", "password"=>"[FILTERED]", "password_confirmation"=>"[FILTERED]"}
Completed 400 Bad Request in 1ms (ActiveRecord: 0.0ms)


  
ActionController::ParameterMissing (param is missing or the value is empty: user):
  
app/controllers/v1/users_controller.rb:15:in `user_params'
app/controllers/v1/users_controller.rb:4:in `create'
Started POST "/v1/users/" for 127.0.0.1 at 2018-03-22 21:44:50 -0400
Processing by V1::UsersController#create as JSON
  Parameters: {"email"=>"test@testington.com", "password"=>"[FILTERED]", "password_confirmation"=>"[FILTERED]"}
Completed 400 Bad Request in 1ms (ActiveRecord: 0.0ms)


  
ActionController::ParameterMissing (param is missing or the value is empty: user):
  
app/controllers/v1/users_controller.rb:15:in `user_params'
app/controllers/v1/users_controller.rb:4:in `create'
Started POST "/v1/users/" for 127.0.0.1 at 2018-03-22 21:47:36 -0400
  [1m[36mActiveRecord::SchemaMigration Load (0.3ms)[0m  [1m[34mSELECT "schema_migrations".* FROM "schema_migrations"[0m
Processing by V1::UsersController#create as JSON
  Parameters: {"user"=>{"email"=>"test@example.com", "password"=>"[FILTERED]", "password_confirmation"=>"[FILTERED]"}}
  [1m[35m (0.1ms)[0m  [1m[36mbegin transaction[0m
  [1m[36mUser Exists (15.8ms)[0m  [1m[34mSELECT  1 AS one FROM "users" WHERE "users"."email" = ? LIMIT ?[0m  [["email", "test@example.com"], ["LIMIT", 1]]
  [1m[35m (0.1ms)[0m  [1m[31mrollback transaction[0m
Completed 422 Unprocessable Entity in 306ms (ActiveRecord: 16.5ms)


Started POST "/v1/users/" for 127.0.0.1 at 2018-03-22 21:48:17 -0400
Processing by V1::UsersController#create as JSON
  Parameters: {"user"=>{"email"=>"test@texample.com", "password"=>"[FILTERED]", "password_confirmation"=>"[FILTERED]"}}
  [1m[35m (0.1ms)[0m  [1m[36mbegin transaction[0m
  [1m[36mUser Exists (0.2ms)[0m  [1m[34mSELECT  1 AS one FROM "users" WHERE "users"."email" = ? LIMIT ?[0m  [["email", "test@texample.com"], ["LIMIT", 1]]
  [1m[35m (10.9ms)[0m  [1m[34mSELECT COUNT(*) FROM "users" WHERE "users"."authentication_token" = ?[0m  [["authentication_token", "zrz6_QVvCV_vypVXTFBX"]]
  [1m[35mSQL (0.9ms)[0m  [1m[32mINSERT INTO "users" ("email", "encrypted_password", "created_at", "updated_at", "authentication_token") VALUES (?, ?, ?, ?, ?)[0m  [["email", "test@texample.com"], ["encrypted_password", "$2a$11$n78M3i8p6TZlTra0QquG9.Hyct0ipVvnNX42pqWeJ92PVYD4j4tS2"], ["created_at", "2018-03-23 01:48:17.879353"], ["updated_at", "2018-03-23 01:48:17.879353"], ["authentication_token", "zrz6_QVvCV_vypVXTFBX"]]
  [1m[35m (1.2ms)[0m  [1m[36mcommit transaction[0m
  Rendering v1/users/create.json.jbuilder
  Rendered v1/users/create.json.jbuilder (29.5ms)
Completed 200 OK in 226ms (Views: 71.4ms | ActiveRecord: 13.1ms)


